{
  "stats": {
    "suites": 2,
    "tests": 5,
    "passes": 5,
    "pending": 0,
    "failures": 0,
    "start": "2026-02-03T03:16:49.786Z",
    "end": "2026-02-03T03:17:59.693Z",
    "duration": 69907,
    "testsRegistered": 5,
    "passPercent": 100,
    "pendingPercent": 0,
    "other": 0,
    "hasOther": false,
    "skipped": 0,
    "hasSkipped": false
  },
  "results": [
    {
      "uuid": "da11bf27-8221-4e1d-b54c-1e24e3adeafa",
      "title": "",
      "fullFile": "cypress\\e2e\\login-authentication\\login-authentication.cy.ts",
      "file": "cypress\\e2e\\login-authentication\\login-authentication.cy.ts",
      "beforeHooks": [],
      "afterHooks": [],
      "tests": [],
      "suites": [
        {
          "uuid": "b1fc9027-79ec-4849-8a11-a1aae736890a",
          "title": "Login Module - Positive Authentication Scenarios",
          "fullFile": "",
          "file": "",
          "beforeHooks": [],
          "afterHooks": [],
          "tests": [
            {
              "title": "TC_001: Validate successful login with valid admin credentials",
              "fullTitle": "Login Module - Positive Authentication Scenarios TC_001: Validate successful login with valid admin credentials",
              "timedOut": null,
              "duration": 25783,
              "state": "passed",
              "speed": "slow",
              "pass": true,
              "fail": false,
              "pending": false,
              "context": null,
              "code": "const adminUsername = this.credentials.admin.username;\nconst adminPassword = this.credentials.admin.password;\n_pages_LoginPage__WEBPACK_IMPORTED_MODULE_0__[\"default\"].login(adminUsername, adminPassword);\ncy.wait(3000);\n_pages_DashboardPage__WEBPACK_IMPORTED_MODULE_1__[\"default\"].verifyUserIsOnDashboard();\ncy.log('✓ TC_001 PASSED');",
              "err": {},
              "uuid": "c29f870e-3e51-4724-89be-97c7fc2b4c84",
              "parentUUID": "b1fc9027-79ec-4849-8a11-a1aae736890a",
              "isHook": false,
              "skipped": false
            }
          ],
          "suites": [],
          "passes": [
            "c29f870e-3e51-4724-89be-97c7fc2b4c84"
          ],
          "failures": [],
          "pending": [],
          "skipped": [],
          "duration": 25783,
          "root": false,
          "rootEmpty": false,
          "_timeout": 2000
        },
        {
          "uuid": "a58eb6da-59f8-4b2d-8977-d757f2b0b878",
          "title": "Login Module - Negative Authentication Scenarios",
          "fullFile": "",
          "file": "",
          "beforeHooks": [],
          "afterHooks": [],
          "tests": [
            {
              "title": "TC_002: Validate error message for invalid username",
              "fullTitle": "Login Module - Negative Authentication Scenarios TC_002: Validate error message for invalid username",
              "timedOut": null,
              "duration": 11798,
              "state": "passed",
              "speed": "slow",
              "pass": true,
              "fail": false,
              "pending": false,
              "context": null,
              "code": "_pages_LoginPage__WEBPACK_IMPORTED_MODULE_0__[\"default\"].enterUsername('InvalidUser@123');\ncy.wait(500);\n_pages_LoginPage__WEBPACK_IMPORTED_MODULE_0__[\"default\"].enterPassword('admin123');\ncy.wait(500);\n_pages_LoginPage__WEBPACK_IMPORTED_MODULE_0__[\"default\"].clickLoginButton();\ncy.wait(2000);\ncy.get('.oxd-alert-content--error', { timeout: 15000 })\n    .should('be.visible')\n    .should('contain', 'Invalid credentials');\ncy.log('✓ TC_002 PASSED');",
              "err": {},
              "uuid": "c8425172-f59b-4b27-9a88-c2bdeb870757",
              "parentUUID": "a58eb6da-59f8-4b2d-8977-d757f2b0b878",
              "isHook": false,
              "skipped": false
            },
            {
              "title": "TC_003: Validate error message for invalid password",
              "fullTitle": "Login Module - Negative Authentication Scenarios TC_003: Validate error message for invalid password",
              "timedOut": null,
              "duration": 11044,
              "state": "passed",
              "speed": "slow",
              "pass": true,
              "fail": false,
              "pending": false,
              "context": null,
              "code": "_pages_LoginPage__WEBPACK_IMPORTED_MODULE_0__[\"default\"].enterUsername('Admin');\ncy.wait(500);\n_pages_LoginPage__WEBPACK_IMPORTED_MODULE_0__[\"default\"].enterPassword('wrongpassword@123');\ncy.wait(500);\n_pages_LoginPage__WEBPACK_IMPORTED_MODULE_0__[\"default\"].clickLoginButton();\ncy.wait(2000);\ncy.get('.oxd-alert-content--error', { timeout: 15000 })\n    .should('be.visible')\n    .should('contain', 'Invalid credentials');\ncy.log('✓ TC_003 PASSED');",
              "err": {},
              "uuid": "1134cbc3-b039-4a48-8e30-e3bc86db18e6",
              "parentUUID": "a58eb6da-59f8-4b2d-8977-d757f2b0b878",
              "isHook": false,
              "skipped": false
            },
            {
              "title": "TC_004: Validate error message when username field is empty",
              "fullTitle": "Login Module - Negative Authentication Scenarios TC_004: Validate error message when username field is empty",
              "timedOut": null,
              "duration": 6660,
              "state": "passed",
              "speed": "medium",
              "pass": true,
              "fail": false,
              "pending": false,
              "context": null,
              "code": "// Leave username empty and just enter password\ncy.get('input[name=\"username\"]').should('exist').should('have.value', '');\n_pages_LoginPage__WEBPACK_IMPORTED_MODULE_0__[\"default\"].enterPassword('admin123');\ncy.wait(500);\n_pages_LoginPage__WEBPACK_IMPORTED_MODULE_0__[\"default\"].clickLoginButton();\ncy.wait(2000);\n// Check for any validation error message  \ncy.get('span', { timeout: 15000 })\n    .contains(/required|Required/)\n    .should('be.visible');\ncy.log('✓ TC_004 PASSED');",
              "err": {},
              "uuid": "82c7effc-9adf-4f9c-a117-6cb001767b2e",
              "parentUUID": "a58eb6da-59f8-4b2d-8977-d757f2b0b878",
              "isHook": false,
              "skipped": false
            },
            {
              "title": "TC_005: Validate error message when password field is empty",
              "fullTitle": "Login Module - Negative Authentication Scenarios TC_005: Validate error message when password field is empty",
              "timedOut": null,
              "duration": 8741,
              "state": "passed",
              "speed": "medium",
              "pass": true,
              "fail": false,
              "pending": false,
              "context": null,
              "code": "_pages_LoginPage__WEBPACK_IMPORTED_MODULE_0__[\"default\"].enterUsername('Admin');\ncy.wait(500);\ncy.get('input[name=\"password\"]').should('exist').should('have.value', '');\n_pages_LoginPage__WEBPACK_IMPORTED_MODULE_0__[\"default\"].clickLoginButton();\ncy.wait(2000);\n// Check for any validation error message\ncy.get('span', { timeout: 15000 })\n    .contains(/required|Required/)\n    .should('be.visible');\ncy.log('✓ TC_005 PASSED');",
              "err": {},
              "uuid": "c7e6ec31-f34a-4b4c-8925-0692a2e26495",
              "parentUUID": "a58eb6da-59f8-4b2d-8977-d757f2b0b878",
              "isHook": false,
              "skipped": false
            }
          ],
          "suites": [],
          "passes": [
            "c8425172-f59b-4b27-9a88-c2bdeb870757",
            "1134cbc3-b039-4a48-8e30-e3bc86db18e6",
            "82c7effc-9adf-4f9c-a117-6cb001767b2e",
            "c7e6ec31-f34a-4b4c-8925-0692a2e26495"
          ],
          "failures": [],
          "pending": [],
          "skipped": [],
          "duration": 38243,
          "root": false,
          "rootEmpty": false,
          "_timeout": 2000
        }
      ],
      "passes": [],
      "failures": [],
      "pending": [],
      "skipped": [],
      "duration": 0,
      "root": true,
      "rootEmpty": true,
      "_timeout": 2000
    }
  ],
  "meta": {
    "mocha": {
      "version": "7.0.1"
    },
    "mochawesome": {
      "options": {
        "quiet": false,
        "reportFilename": "mochawesome-[status]_[datetime]",
        "saveHtml": true,
        "saveJson": true,
        "consoleReporter": "spec",
        "useInlineDiffs": false,
        "code": true
      },
      "version": "7.1.4"
    },
    "marge": {
      "options": {
        "reportDir": "cypress/reports/mochawesome-report",
        "reportFilename": "mochawesome-[status]_[datetime]",
        "quiet": false,
        "overwrite": false,
        "html": true,
        "json": true,
        "charts": true,
        "embeddedScreenshots": true,
        "inlineAssets": true,
        "saveJson": true,
        "saveHtml": true
      },
      "version": "6.3.2"
    }
  }
}