{
  "stats": {
    "suites": 1,
    "tests": 4,
    "passes": 1,
    "pending": 3,
    "failures": 0,
    "start": "2026-02-03T06:47:43.000Z",
    "end": "2026-02-03T06:48:27.744Z",
    "duration": 44744,
    "testsRegistered": 4,
    "passPercent": 100,
    "pendingPercent": 75,
    "other": 0,
    "hasOther": false,
    "skipped": 0,
    "hasSkipped": false
  },
  "results": [
    {
      "uuid": "8af1a0ea-9817-432b-a027-c554a9b3e16a",
      "title": "",
      "fullFile": "cypress\\e2e\\data-cleanup\\data-cleanup-verify-remove.cy.ts",
      "file": "cypress\\e2e\\data-cleanup\\data-cleanup-verify-remove.cy.ts",
      "beforeHooks": [],
      "afterHooks": [],
      "tests": [],
      "suites": [
        {
          "uuid": "3841762e-81dd-4efa-9b4f-6d877ab3a642",
          "title": "Test Data Cleanup - Complete System Cleanup and Verification",
          "fullFile": "",
          "file": "",
          "beforeHooks": [],
          "afterHooks": [],
          "tests": [
            {
              "title": "TC_010: Verify test data creation and document cleanup progress",
              "fullTitle": "Test Data Cleanup - Complete System Cleanup and Verification TC_010: Verify test data creation and document cleanup progress",
              "timedOut": null,
              "duration": 40391,
              "state": "passed",
              "speed": "slow",
              "pass": true,
              "fail": false,
              "pending": false,
              "context": null,
              "code": "const adminCredentials = this.credentials.admin;\n_pages_LoginPage__WEBPACK_IMPORTED_MODULE_0__[\"default\"].login(adminCredentials.username, adminCredentials.password);\ncy.wait(3000);\n// Verify successful login\ncy.get('.oxd-topbar-header-breadcrumb h6', { timeout: 20000 }).should('be.visible');\n_pages_DashboardPage__WEBPACK_IMPORTED_MODULE_1__[\"default\"].verifyUserIsOnDashboard();\n// ASSERT: Verify and document created test data\n(0,_support_cleanupHelper__WEBPACK_IMPORTED_MODULE_5__.readEmployeeTestData)().then((createdEmployees) => {\n    (0,_support_cleanupHelper__WEBPACK_IMPORTED_MODULE_5__.readUserTestData)().then((createdUsers) => {\n        (0,_support_cleanupHelper__WEBPACK_IMPORTED_MODULE_5__.readLeaveTestData)().then((appliedLeaves) => {\n            cy.log(`✓ Test Data Cleanup Summary:`);\n            cy.log(`  - Employees created: ${createdEmployees.length}`);\n            cy.log(`  - Users created: ${createdUsers.length}`);\n            cy.log(`  - Leaves applied: ${appliedLeaves.length}`);\n            cy.log(`✓ Starting cleanup process in reverse order: Leaves → Users → Employees`);\n        });\n    });\n});\ncy.log('✓ TC_010 PASSED - Test data verification and cleanup documentation complete');",
              "err": {},
              "uuid": "c6d6455b-3080-4159-9e66-2a6c03d5a08e",
              "parentUUID": "3841762e-81dd-4efa-9b4f-6d877ab3a642",
              "isHook": false,
              "skipped": false
            },
            {
              "title": "TC_011: Cancel all applied leave requests",
              "fullTitle": "Test Data Cleanup - Complete System Cleanup and Verification TC_011: Cancel all applied leave requests",
              "timedOut": null,
              "duration": 44,
              "state": "pending",
              "speed": null,
              "pass": false,
              "fail": false,
              "pending": true,
              "context": null,
              "code": "const adminCredentials = this.credentials.admin;\n(0,_support_cleanupHelper__WEBPACK_IMPORTED_MODULE_5__.readLeaveTestData)().then((appliedLeaves) => {\n    if (appliedLeaves.length === 0) {\n        cy.log('ℹ No leave requests to cancel - Skipping leave cleanup');\n        this.skip();\n        return;\n    }\n    _pages_LoginPage__WEBPACK_IMPORTED_MODULE_0__[\"default\"].login(adminCredentials.username, adminCredentials.password);\n    cy.wait(3000);\n    // Verify successful login\n    cy.get('.oxd-topbar-header-breadcrumb h6', { timeout: 20000 }).should('be.visible');\n    _pages_DashboardPage__WEBPACK_IMPORTED_MODULE_1__[\"default\"].verifyUserIsOnDashboard();\n    // Navigate to Leave module\n    cy.wait(2000);\n    _pages_DashboardPage__WEBPACK_IMPORTED_MODULE_1__[\"default\"].navigateToLeave();\n    cy.wait(3000);\n    // ASSERT: Cancel each applied leave request\n    appliedLeaves.forEach((leaveRecord, index) => {\n        cy.log(`[${index + 1}/${appliedLeaves.length}] Processing leave cancellation for: ${leaveRecord.employeeName}`);\n        // Search for the leave record\n        _pages_LeaveManagementPage__WEBPACK_IMPORTED_MODULE_4__[\"default\"].searchLeaveRecord(leaveRecord.employeeName);\n        cy.wait(1500);\n        // Attempt to cancel the leave request\n        cy.get('button[title=\"Cancel\"]').then(($cancelBtn) => {\n            if ($cancelBtn.length > 0) {\n                _pages_LeaveManagementPage__WEBPACK_IMPORTED_MODULE_4__[\"default\"].cancelLeaveRequest();\n                cy.wait(500);\n                try {\n                    _pages_LeaveManagementPage__WEBPACK_IMPORTED_MODULE_4__[\"default\"].verifyLeaveRequestCanceled();\n                }\n                catch (e) {\n                    // Verification might fail due to page update\n                }\n                cy.log(`✓ Leave cancellation processed for: ${leaveRecord.employeeName}`);\n            }\n            else {\n                cy.log(`⚠ Leave record not found or already canceled: ${leaveRecord.employeeName}`);\n            }\n        });\n        cy.wait(500);\n    });\n    cy.log(`✓ TC_011 PASSED - All ${appliedLeaves.length} leave request(s) processed for cancellation`);\n});",
              "err": {},
              "uuid": "b2b8a385-066b-4dbc-8bc1-fc91772ef67d",
              "parentUUID": "3841762e-81dd-4efa-9b4f-6d877ab3a642",
              "isHook": false,
              "skipped": false
            },
            {
              "title": "TC_012: Delete all created user accounts",
              "fullTitle": "Test Data Cleanup - Complete System Cleanup and Verification TC_012: Delete all created user accounts",
              "timedOut": null,
              "duration": 38,
              "state": "pending",
              "speed": null,
              "pass": false,
              "fail": false,
              "pending": true,
              "context": null,
              "code": "// ARRANGE: Load admin credentials\nconst adminCredentials = this.credentials.admin;\n// Read user data asynchronously\n(0,_support_cleanupHelper__WEBPACK_IMPORTED_MODULE_5__.readUserTestData)().then((createdUsers) => {\n    // Skip test if no users were created\n    if (createdUsers.length === 0) {\n        cy.log('ℹ No user accounts to delete - Skipping user cleanup');\n        this.skip();\n        return;\n    }\n    // ACT: Perform login with admin credentials\n    _pages_LoginPage__WEBPACK_IMPORTED_MODULE_0__[\"default\"].login(adminCredentials.username, adminCredentials.password);\n    cy.wait(3000);\n    // Verify successful login\n    cy.get('.oxd-topbar-header-breadcrumb h6', { timeout: 20000 }).should('be.visible');\n    _pages_DashboardPage__WEBPACK_IMPORTED_MODULE_1__[\"default\"].verifyUserIsOnDashboard();\n    // Navigate to Admin module\n    cy.wait(2000);\n    _pages_DashboardPage__WEBPACK_IMPORTED_MODULE_1__[\"default\"].navigateToAdmin();\n    cy.wait(3000);\n    // ASSERT: Delete each created user account\n    createdUsers.forEach((userRecord, index) => {\n        cy.log(`[${index + 1}/${createdUsers.length}] Processing user deletion for: ${userRecord.username}`);\n        // Search for the user\n        _pages_AdminPage__WEBPACK_IMPORTED_MODULE_3__[\"default\"].searchUserByUsername(userRecord.username);\n        cy.wait(1500);\n        // Attempt to delete the user account\n        cy.get('button[title=\"Delete\"]').then(($deleteBtn) => {\n            if ($deleteBtn.length > 0) {\n                _pages_AdminPage__WEBPACK_IMPORTED_MODULE_3__[\"default\"].deleteUser();\n                cy.wait(500);\n                try {\n                    _pages_AdminPage__WEBPACK_IMPORTED_MODULE_3__[\"default\"].verifyUserDeleted();\n                }\n                catch (e) {\n                    // Verification might fail due to page update\n                }\n                cy.log(`✓ User deletion processed for: ${userRecord.username}`);\n            }\n            else {\n                cy.log(`⚠ User record not found or already deleted: ${userRecord.username}`);\n            }\n        });\n        cy.wait(500);\n    });\n    cy.log(`✓ TC_012 PASSED - All ${createdUsers.length} user account(s) processed for deletion`);\n});",
              "err": {},
              "uuid": "72b3784b-224b-46ef-ba7b-8254fdbcb40c",
              "parentUUID": "3841762e-81dd-4efa-9b4f-6d877ab3a642",
              "isHook": false,
              "skipped": false
            },
            {
              "title": "TC_013: Delete all created employee records",
              "fullTitle": "Test Data Cleanup - Complete System Cleanup and Verification TC_013: Delete all created employee records",
              "timedOut": null,
              "duration": 50,
              "state": "pending",
              "speed": null,
              "pass": false,
              "fail": false,
              "pending": true,
              "context": null,
              "code": "// ARRANGE: Load admin credentials\nconst adminCredentials = this.credentials.admin;\n// Read employee data asynchronously\n(0,_support_cleanupHelper__WEBPACK_IMPORTED_MODULE_5__.readEmployeeTestData)().then((createdEmployees) => {\n    // Skip test if no employees were created\n    if (createdEmployees.length === 0) {\n        cy.log('ℹ No employee records to delete - Skipping employee cleanup');\n        this.skip();\n        return;\n    }\n    // ACT: Perform login with admin credentials\n    _pages_LoginPage__WEBPACK_IMPORTED_MODULE_0__[\"default\"].login(adminCredentials.username, adminCredentials.password);\n    cy.wait(3000);\n    // Verify successful login\n    cy.get('.oxd-topbar-header-breadcrumb h6', { timeout: 20000 }).should('be.visible');\n    _pages_DashboardPage__WEBPACK_IMPORTED_MODULE_1__[\"default\"].verifyUserIsOnDashboard();\n    // Navigate to PIM module\n    cy.wait(2000);\n    _pages_DashboardPage__WEBPACK_IMPORTED_MODULE_1__[\"default\"].navigateToPim();\n    cy.wait(3000);\n    // ASSERT: Delete each created employee\n    createdEmployees.forEach((employeeRecord, index) => {\n        cy.log(`[${index + 1}/${createdEmployees.length}] Processing employee deletion for: ${employeeRecord.firstName} ${employeeRecord.lastName}`);\n        // Search for the employee by ID\n        _pages_PimPage__WEBPACK_IMPORTED_MODULE_2__[\"default\"].searchEmployeeById(employeeRecord.employeeId);\n        cy.wait(1500);\n        // Attempt to delete the employee record\n        cy.get('button[title=\"Delete\"]').then(($deleteBtn) => {\n            if ($deleteBtn.length > 0) {\n                _pages_PimPage__WEBPACK_IMPORTED_MODULE_2__[\"default\"].deleteEmployee();\n                cy.wait(500);\n                try {\n                    _pages_PimPage__WEBPACK_IMPORTED_MODULE_2__[\"default\"].verifyEmployeeDeleted();\n                }\n                catch (e) {\n                    // Verification might fail due to page update\n                }\n                cy.log(`✓ Employee deletion processed for: ${employeeRecord.firstName} ${employeeRecord.lastName}`);\n            }\n            else {\n                cy.log(`⚠ Employee record not found or already deleted: ${employeeRecord.firstName} ${employeeRecord.lastName}`);\n            }\n        });\n        cy.wait(500);\n    });\n    cy.log(`✓ TC_013 PASSED - All ${createdEmployees.length} employee record(s) processed for deletion`);\n});",
              "err": {},
              "uuid": "f230c74b-615d-4c6d-90d2-d53db5966069",
              "parentUUID": "3841762e-81dd-4efa-9b4f-6d877ab3a642",
              "isHook": false,
              "skipped": false
            }
          ],
          "suites": [],
          "passes": [
            "c6d6455b-3080-4159-9e66-2a6c03d5a08e"
          ],
          "failures": [],
          "pending": [
            "b2b8a385-066b-4dbc-8bc1-fc91772ef67d",
            "72b3784b-224b-46ef-ba7b-8254fdbcb40c",
            "f230c74b-615d-4c6d-90d2-d53db5966069"
          ],
          "skipped": [],
          "duration": 40523,
          "root": false,
          "rootEmpty": false,
          "_timeout": 2000
        }
      ],
      "passes": [],
      "failures": [],
      "pending": [],
      "skipped": [],
      "duration": 0,
      "root": true,
      "rootEmpty": true,
      "_timeout": 2000
    }
  ],
  "meta": {
    "mocha": {
      "version": "7.0.1"
    },
    "mochawesome": {
      "options": {
        "quiet": false,
        "reportFilename": "mochawesome-[status]_[datetime]",
        "saveHtml": true,
        "saveJson": true,
        "consoleReporter": "spec",
        "useInlineDiffs": false,
        "code": true
      },
      "version": "7.1.4"
    },
    "marge": {
      "options": {
        "reportDir": "cypress/reports/mochawesome-report",
        "reportFilename": "mochawesome-[status]_[datetime]",
        "quiet": false,
        "overwrite": false,
        "html": true,
        "json": true,
        "charts": true,
        "embeddedScreenshots": true,
        "inlineAssets": true,
        "saveJson": true,
        "saveHtml": true
      },
      "version": "6.3.2"
    }
  }
}