{
  "stats": {
    "suites": 2,
    "tests": 5,
    "passes": 5,
    "pending": 0,
    "failures": 0,
    "start": "2026-01-31T15:10:25.200Z",
    "end": "2026-01-31T15:12:02.363Z",
    "duration": 97163,
    "testsRegistered": 5,
    "passPercent": 100,
    "pendingPercent": 0,
    "other": 0,
    "hasOther": false,
    "skipped": 0,
    "hasSkipped": false
  },
  "results": [
    {
      "uuid": "0d822384-8d06-4e20-8fb5-3562a49fa155",
      "title": "",
      "fullFile": "cypress\\e2e\\login\\login.cy.ts",
      "file": "cypress\\e2e\\login\\login.cy.ts",
      "beforeHooks": [],
      "afterHooks": [],
      "tests": [],
      "suites": [
        {
          "uuid": "55c63b6a-4e3d-45b3-940f-2f7d1f21ea37",
          "title": "Login Module - Positive Authentication Scenarios",
          "fullFile": "",
          "file": "",
          "beforeHooks": [],
          "afterHooks": [],
          "tests": [
            {
              "title": "TC_001: Validate successful login with valid admin credentials",
              "fullTitle": "Login Module - Positive Authentication Scenarios TC_001: Validate successful login with valid admin credentials",
              "timedOut": null,
              "duration": 46728,
              "state": "passed",
              "speed": "slow",
              "pass": true,
              "fail": false,
              "pending": false,
              "context": null,
              "code": "const adminUsername = this.credentials.admin.username;\nconst adminPassword = this.credentials.admin.password;\n_pages_LoginPage__WEBPACK_IMPORTED_MODULE_0__[\"default\"].login(adminUsername, adminPassword);\ncy.wait(3000);\n_pages_DashboardPage__WEBPACK_IMPORTED_MODULE_1__[\"default\"].verifyUserIsOnDashboard();\ncy.log('✓ TC_001 PASSED');",
              "err": {},
              "uuid": "0c1a49cc-8ca4-460a-b88b-340b396124e6",
              "parentUUID": "55c63b6a-4e3d-45b3-940f-2f7d1f21ea37",
              "isHook": false,
              "skipped": false
            }
          ],
          "suites": [],
          "passes": [
            "0c1a49cc-8ca4-460a-b88b-340b396124e6"
          ],
          "failures": [],
          "pending": [],
          "skipped": [],
          "duration": 46728,
          "root": false,
          "rootEmpty": false,
          "_timeout": 2000
        },
        {
          "uuid": "eb0bcff5-0ec3-4aa9-9243-d3b1d0c45373",
          "title": "Login Module - Negative Authentication Scenarios",
          "fullFile": "",
          "file": "",
          "beforeHooks": [],
          "afterHooks": [],
          "tests": [
            {
              "title": "TC_002: Validate error message for invalid username",
              "fullTitle": "Login Module - Negative Authentication Scenarios TC_002: Validate error message for invalid username",
              "timedOut": null,
              "duration": 10383,
              "state": "passed",
              "speed": "slow",
              "pass": true,
              "fail": false,
              "pending": false,
              "context": null,
              "code": "_pages_LoginPage__WEBPACK_IMPORTED_MODULE_0__[\"default\"].enterUsername('InvalidUser@123');\ncy.wait(500);\n_pages_LoginPage__WEBPACK_IMPORTED_MODULE_0__[\"default\"].enterPassword('admin123');\ncy.wait(500);\n_pages_LoginPage__WEBPACK_IMPORTED_MODULE_0__[\"default\"].clickLoginButton();\ncy.wait(2000);\ncy.get('.oxd-alert-content--error', { timeout: 15000 })\n    .should('be.visible')\n    .should('contain', 'Invalid credentials');\ncy.log('✓ TC_002 PASSED');",
              "err": {},
              "uuid": "8502bff2-c33f-4aec-8f13-54903a956e3f",
              "parentUUID": "eb0bcff5-0ec3-4aa9-9243-d3b1d0c45373",
              "isHook": false,
              "skipped": false
            },
            {
              "title": "TC_003: Validate error message for invalid password",
              "fullTitle": "Login Module - Negative Authentication Scenarios TC_003: Validate error message for invalid password",
              "timedOut": null,
              "duration": 12103,
              "state": "passed",
              "speed": "slow",
              "pass": true,
              "fail": false,
              "pending": false,
              "context": null,
              "code": "_pages_LoginPage__WEBPACK_IMPORTED_MODULE_0__[\"default\"].enterUsername('Admin');\ncy.wait(500);\n_pages_LoginPage__WEBPACK_IMPORTED_MODULE_0__[\"default\"].enterPassword('wrongpassword@123');\ncy.wait(500);\n_pages_LoginPage__WEBPACK_IMPORTED_MODULE_0__[\"default\"].clickLoginButton();\ncy.wait(2000);\ncy.get('.oxd-alert-content--error', { timeout: 15000 })\n    .should('be.visible')\n    .should('contain', 'Invalid credentials');\ncy.log('✓ TC_003 PASSED');",
              "err": {},
              "uuid": "d7b90560-6a54-4757-be20-ec3e818be942",
              "parentUUID": "eb0bcff5-0ec3-4aa9-9243-d3b1d0c45373",
              "isHook": false,
              "skipped": false
            },
            {
              "title": "TC_004: Validate error message when username field is empty",
              "fullTitle": "Login Module - Negative Authentication Scenarios TC_004: Validate error message when username field is empty",
              "timedOut": null,
              "duration": 12977,
              "state": "passed",
              "speed": "slow",
              "pass": true,
              "fail": false,
              "pending": false,
              "context": null,
              "code": "// Leave username empty and just enter password\ncy.get('input[name=\"username\"]').should('exist').should('have.value', '');\n_pages_LoginPage__WEBPACK_IMPORTED_MODULE_0__[\"default\"].enterPassword('admin123');\ncy.wait(500);\n_pages_LoginPage__WEBPACK_IMPORTED_MODULE_0__[\"default\"].clickLoginButton();\ncy.wait(2000);\n// Check for any validation error message  \ncy.get('span', { timeout: 15000 })\n    .contains(/required|Required/)\n    .should('be.visible');\ncy.log('✓ TC_004 PASSED');",
              "err": {},
              "uuid": "10d6e310-6924-4512-907c-fafb219d86b7",
              "parentUUID": "eb0bcff5-0ec3-4aa9-9243-d3b1d0c45373",
              "isHook": false,
              "skipped": false
            },
            {
              "title": "TC_005: Validate error message when password field is empty",
              "fullTitle": "Login Module - Negative Authentication Scenarios TC_005: Validate error message when password field is empty",
              "timedOut": null,
              "duration": 9301,
              "state": "passed",
              "speed": "medium",
              "pass": true,
              "fail": false,
              "pending": false,
              "context": null,
              "code": "_pages_LoginPage__WEBPACK_IMPORTED_MODULE_0__[\"default\"].enterUsername('Admin');\ncy.wait(500);\ncy.get('input[name=\"password\"]').should('exist').should('have.value', '');\n_pages_LoginPage__WEBPACK_IMPORTED_MODULE_0__[\"default\"].clickLoginButton();\ncy.wait(2000);\n// Check for any validation error message\ncy.get('span', { timeout: 15000 })\n    .contains(/required|Required/)\n    .should('be.visible');\ncy.log('✓ TC_005 PASSED');",
              "err": {},
              "uuid": "03498d7e-f617-458f-8d5a-70bbb9c2ec85",
              "parentUUID": "eb0bcff5-0ec3-4aa9-9243-d3b1d0c45373",
              "isHook": false,
              "skipped": false
            }
          ],
          "suites": [],
          "passes": [
            "8502bff2-c33f-4aec-8f13-54903a956e3f",
            "d7b90560-6a54-4757-be20-ec3e818be942",
            "10d6e310-6924-4512-907c-fafb219d86b7",
            "03498d7e-f617-458f-8d5a-70bbb9c2ec85"
          ],
          "failures": [],
          "pending": [],
          "skipped": [],
          "duration": 44764,
          "root": false,
          "rootEmpty": false,
          "_timeout": 2000
        }
      ],
      "passes": [],
      "failures": [],
      "pending": [],
      "skipped": [],
      "duration": 0,
      "root": true,
      "rootEmpty": true,
      "_timeout": 2000
    }
  ],
  "meta": {
    "mocha": {
      "version": "7.0.1"
    },
    "mochawesome": {
      "options": {
        "quiet": false,
        "reportFilename": "mochawesome-[status]_[datetime]",
        "saveHtml": true,
        "saveJson": true,
        "consoleReporter": "spec",
        "useInlineDiffs": false,
        "code": true
      },
      "version": "7.1.4"
    },
    "marge": {
      "options": {
        "reportDir": "cypress/reports/mochawesome-report",
        "reportFilename": "mochawesome-[status]_[datetime]",
        "quiet": false,
        "overwrite": false,
        "html": true,
        "json": true,
        "charts": true,
        "embeddedScreenshots": true,
        "inlineAssets": true,
        "saveJson": true,
        "saveHtml": true
      },
      "version": "6.3.2"
    }
  }
}