{
  "stats": {
    "suites": 1,
    "tests": 1,
    "passes": 0,
    "pending": 0,
    "failures": 1,
    "start": "2026-02-02T13:04:32.787Z",
    "end": "2026-02-02T13:05:17.093Z",
    "duration": 44306,
    "testsRegistered": 1,
    "passPercent": 0,
    "pendingPercent": 0,
    "other": 1,
    "hasOther": true,
    "skipped": 0,
    "hasSkipped": false
  },
  "results": [
    {
      "uuid": "2de35858-abe8-458a-9c00-9374779cc0b3",
      "title": "",
      "fullFile": "cypress\\e2e\\pim\\employee.cy.ts",
      "file": "cypress\\e2e\\pim\\employee.cy.ts",
      "beforeHooks": [],
      "afterHooks": [],
      "tests": [],
      "suites": [
        {
          "uuid": "36c9e175-c99f-4089-89c9-91c54ce020c7",
          "title": "PIM Module - Employee Management",
          "fullFile": "",
          "file": "",
          "beforeHooks": [],
          "afterHooks": [],
          "tests": [
            {
              "title": "TC_006: Validate employee creation and data storage in PIM module",
              "fullTitle": "PIM Module - Employee Management TC_006: Validate employee creation and data storage in PIM module",
              "timedOut": null,
              "duration": 1179,
              "state": "failed",
              "speed": null,
              "pass": false,
              "fail": true,
              "pending": false,
              "context": null,
              "code": "const adminCredentials = this.credentials.admin;\nconst employeeTestData = this.testdata.employee;\nemployeeInformation = {\n    firstName: employeeTestData.firstName + '_' + uniqueTimestampCounter,\n    middleName: employeeTestData.middleName,\n    lastName: employeeTestData.lastName + '_' + uniqueTimestampCounter,\n    createdAt: new Date().toISOString()\n};\n_pages_LoginPage__WEBPACK_IMPORTED_MODULE_0__[\"default\"].login(adminCredentials.username, adminCredentials.password);\ncy.wait(3000);\ncy.get('.oxd-topbar-header-breadcrumb h6', { timeout: 20000 }).should('be.visible');\n_pages_DashboardPage__WEBPACK_IMPORTED_MODULE_1__[\"default\"].verifyUserIsOnDashboard();\ncy.wait(2000);\n_pages_DashboardPage__WEBPACK_IMPORTED_MODULE_1__[\"default\"].navigateToPim();\ncy.wait(3000);\n_pages_PimPage__WEBPACK_IMPORTED_MODULE_2__[\"default\"].addEmployee({\n    firstName: employeeInformation.firstName,\n    middleName: employeeInformation.middleName,\n    lastName: employeeInformation.lastName\n}).then((generatedEmployeeId) => {\n    employeeInformation.employeeId = generatedEmployeeId;\n    (0,_support_testDataHelper__WEBPACK_IMPORTED_MODULE_3__.saveEmployeeData)(employeeInformation);\n    cy.log(`✓ Employee created: ${generatedEmployeeId}`);\n});\ncy.log('✓ TC_006 PASSED');",
              "err": {
                "message": "CypressError: `cy.click()` failed because it requires a DOM element.\n\nNo elements in the current DOM matched your query:\n\n  > cy.get(a[href=\"/web/index.php/auth/logout\"])\n\nBecause this error occurred during a `after each` hook we are skipping the remaining tests in the current suite: `PIM Module - Employee Manag...`",
                "estack": "CypressError: `cy.click()` failed because it requires a DOM element.\n\nNo elements in the current DOM matched your query:\n\n  > cy.get(a[href=\"/web/index.php/auth/logout\"])\n\nBecause this error occurred during a `after each` hook we are skipping the remaining tests in the current suite: `PIM Module - Employee Manag...`\n    at isElement (https://opensource-demo.orangehrmlive.com/__cypress/runner/cypress_runner.js:144996:62)\n    at validateType (https://opensource-demo.orangehrmlive.com/__cypress/runner/cypress_runner.js:144854:14)\n    at Object.isType (https://opensource-demo.orangehrmlive.com/__cypress/runner/cypress_runner.js:144885:7)\n    at $Cy.pushSubject (https://opensource-demo.orangehrmlive.com/__cypress/runner/cypress_runner.js:138534:22)\n    at wrapped (https://opensource-demo.orangehrmlive.com/__cypress/runner/cypress_runner.js:138091:19)\nFrom Your Spec Code:\n    at DashboardPage.logout (webpack://cypress-automation-demo/./cypress/pages/DashboardPage.ts:70:36)\n    at Context.eval (webpack://cypress-automation-demo/./cypress/e2e/pim/employee.cy.ts:51:18)",
                "diff": null
              },
              "uuid": "afc543b5-544c-4526-9f20-76c1664ff65d",
              "parentUUID": "36c9e175-c99f-4089-89c9-91c54ce020c7",
              "isHook": false,
              "skipped": false
            }
          ],
          "suites": [],
          "passes": [],
          "failures": [
            "afc543b5-544c-4526-9f20-76c1664ff65d"
          ],
          "pending": [],
          "skipped": [],
          "duration": 1179,
          "root": false,
          "rootEmpty": false,
          "_timeout": 2000
        }
      ],
      "passes": [],
      "failures": [],
      "pending": [],
      "skipped": [],
      "duration": 0,
      "root": true,
      "rootEmpty": true,
      "_timeout": 2000
    }
  ],
  "meta": {
    "mocha": {
      "version": "7.0.1"
    },
    "mochawesome": {
      "options": {
        "quiet": false,
        "reportFilename": "mochawesome-[status]_[datetime]",
        "saveHtml": true,
        "saveJson": true,
        "consoleReporter": "spec",
        "useInlineDiffs": false,
        "code": true
      },
      "version": "7.1.4"
    },
    "marge": {
      "options": {
        "reportDir": "cypress/reports/mochawesome-report",
        "reportFilename": "mochawesome-[status]_[datetime]",
        "quiet": false,
        "overwrite": false,
        "html": true,
        "json": true,
        "charts": true,
        "embeddedScreenshots": true,
        "inlineAssets": true,
        "saveJson": true,
        "saveHtml": true
      },
      "version": "6.3.2"
    }
  }
}