{
  "stats": {
    "suites": 2,
    "tests": 5,
    "passes": 5,
    "pending": 0,
    "failures": 0,
    "start": "2026-01-31T14:29:29.427Z",
    "end": "2026-01-31T14:30:57.824Z",
    "duration": 88397,
    "testsRegistered": 5,
    "passPercent": 100,
    "pendingPercent": 0,
    "other": 0,
    "hasOther": false,
    "skipped": 0,
    "hasSkipped": false
  },
  "results": [
    {
      "uuid": "03be0036-671f-42d6-98d1-1ebd9848684f",
      "title": "",
      "fullFile": "cypress\\e2e\\login\\login.cy.ts",
      "file": "cypress\\e2e\\login\\login.cy.ts",
      "beforeHooks": [],
      "afterHooks": [],
      "tests": [],
      "suites": [
        {
          "uuid": "d90439a5-b120-4db3-96a4-eab7a8cffc73",
          "title": "Login Module - Positive Authentication Scenarios",
          "fullFile": "",
          "file": "",
          "beforeHooks": [],
          "afterHooks": [],
          "tests": [
            {
              "title": "TC_001: Validate successful login with valid admin credentials",
              "fullTitle": "Login Module - Positive Authentication Scenarios TC_001: Validate successful login with valid admin credentials",
              "timedOut": null,
              "duration": 41482,
              "state": "passed",
              "speed": "slow",
              "pass": true,
              "fail": false,
              "pending": false,
              "context": null,
              "code": "const adminUsername = this.credentials.admin.username;\nconst adminPassword = this.credentials.admin.password;\n_pages_LoginPage__WEBPACK_IMPORTED_MODULE_0__[\"default\"].login(adminUsername, adminPassword);\ncy.wait(3000);\n_pages_DashboardPage__WEBPACK_IMPORTED_MODULE_1__[\"default\"].verifyUserIsOnDashboard();\ncy.log('✓ TC_001 PASSED');",
              "err": {},
              "uuid": "c7dcee5f-ea77-4124-9a2d-8a5ed99fe038",
              "parentUUID": "d90439a5-b120-4db3-96a4-eab7a8cffc73",
              "isHook": false,
              "skipped": false
            }
          ],
          "suites": [],
          "passes": [
            "c7dcee5f-ea77-4124-9a2d-8a5ed99fe038"
          ],
          "failures": [],
          "pending": [],
          "skipped": [],
          "duration": 41482,
          "root": false,
          "rootEmpty": false,
          "_timeout": 2000
        },
        {
          "uuid": "697a6aaf-fd45-429a-99c8-2a93932bacdd",
          "title": "Login Module - Negative Authentication Scenarios",
          "fullFile": "",
          "file": "",
          "beforeHooks": [],
          "afterHooks": [],
          "tests": [
            {
              "title": "TC_002: Validate error message for invalid username",
              "fullTitle": "Login Module - Negative Authentication Scenarios TC_002: Validate error message for invalid username",
              "timedOut": null,
              "duration": 11380,
              "state": "passed",
              "speed": "slow",
              "pass": true,
              "fail": false,
              "pending": false,
              "context": null,
              "code": "_pages_LoginPage__WEBPACK_IMPORTED_MODULE_0__[\"default\"].enterUsername('InvalidUser@123');\ncy.wait(500);\n_pages_LoginPage__WEBPACK_IMPORTED_MODULE_0__[\"default\"].enterPassword('admin123');\ncy.wait(500);\n_pages_LoginPage__WEBPACK_IMPORTED_MODULE_0__[\"default\"].clickLoginButton();\ncy.wait(2000);\ncy.get('.oxd-alert-content--error', { timeout: 15000 })\n    .should('be.visible')\n    .should('contain', 'Invalid credentials');\ncy.log('✓ TC_002 PASSED');",
              "err": {},
              "uuid": "2456a25c-afea-4c04-9ca3-814748358a30",
              "parentUUID": "697a6aaf-fd45-429a-99c8-2a93932bacdd",
              "isHook": false,
              "skipped": false
            },
            {
              "title": "TC_003: Validate error message for invalid password",
              "fullTitle": "Login Module - Negative Authentication Scenarios TC_003: Validate error message for invalid password",
              "timedOut": null,
              "duration": 13304,
              "state": "passed",
              "speed": "slow",
              "pass": true,
              "fail": false,
              "pending": false,
              "context": null,
              "code": "_pages_LoginPage__WEBPACK_IMPORTED_MODULE_0__[\"default\"].enterUsername('Admin');\ncy.wait(500);\n_pages_LoginPage__WEBPACK_IMPORTED_MODULE_0__[\"default\"].enterPassword('wrongpassword@123');\ncy.wait(500);\n_pages_LoginPage__WEBPACK_IMPORTED_MODULE_0__[\"default\"].clickLoginButton();\ncy.wait(2000);\ncy.get('.oxd-alert-content--error', { timeout: 15000 })\n    .should('be.visible')\n    .should('contain', 'Invalid credentials');\ncy.log('✓ TC_003 PASSED');",
              "err": {},
              "uuid": "396b218e-b6a1-4a1a-b188-4fc98bfdf6ca",
              "parentUUID": "697a6aaf-fd45-429a-99c8-2a93932bacdd",
              "isHook": false,
              "skipped": false
            },
            {
              "title": "TC_004: Validate error message when username field is empty",
              "fullTitle": "Login Module - Negative Authentication Scenarios TC_004: Validate error message when username field is empty",
              "timedOut": null,
              "duration": 6488,
              "state": "passed",
              "speed": "medium",
              "pass": true,
              "fail": false,
              "pending": false,
              "context": null,
              "code": "// Leave username empty and just enter password\ncy.get('input[name=\"username\"]').should('exist').should('have.value', '');\n_pages_LoginPage__WEBPACK_IMPORTED_MODULE_0__[\"default\"].enterPassword('admin123');\ncy.wait(500);\n_pages_LoginPage__WEBPACK_IMPORTED_MODULE_0__[\"default\"].clickLoginButton();\ncy.wait(2000);\n// Check for any validation error message  \ncy.get('span', { timeout: 15000 })\n    .contains(/required|Required/)\n    .should('be.visible');\ncy.log('✓ TC_004 PASSED');",
              "err": {},
              "uuid": "8b9a14e1-74c3-46b9-86d1-30ee740c56ee",
              "parentUUID": "697a6aaf-fd45-429a-99c8-2a93932bacdd",
              "isHook": false,
              "skipped": false
            },
            {
              "title": "TC_005: Validate error message when password field is empty",
              "fullTitle": "Login Module - Negative Authentication Scenarios TC_005: Validate error message when password field is empty",
              "timedOut": null,
              "duration": 6071,
              "state": "passed",
              "speed": "medium",
              "pass": true,
              "fail": false,
              "pending": false,
              "context": null,
              "code": "_pages_LoginPage__WEBPACK_IMPORTED_MODULE_0__[\"default\"].enterUsername('Admin');\ncy.wait(500);\ncy.get('input[name=\"password\"]').should('exist').should('have.value', '');\n_pages_LoginPage__WEBPACK_IMPORTED_MODULE_0__[\"default\"].clickLoginButton();\ncy.wait(2000);\n// Check for any validation error message\ncy.get('span', { timeout: 15000 })\n    .contains(/required|Required/)\n    .should('be.visible');\ncy.log('✓ TC_005 PASSED');",
              "err": {},
              "uuid": "bb5857ea-7fcc-435f-b2b7-8fd2f038dcd4",
              "parentUUID": "697a6aaf-fd45-429a-99c8-2a93932bacdd",
              "isHook": false,
              "skipped": false
            }
          ],
          "suites": [],
          "passes": [
            "2456a25c-afea-4c04-9ca3-814748358a30",
            "396b218e-b6a1-4a1a-b188-4fc98bfdf6ca",
            "8b9a14e1-74c3-46b9-86d1-30ee740c56ee",
            "bb5857ea-7fcc-435f-b2b7-8fd2f038dcd4"
          ],
          "failures": [],
          "pending": [],
          "skipped": [],
          "duration": 37243,
          "root": false,
          "rootEmpty": false,
          "_timeout": 2000
        }
      ],
      "passes": [],
      "failures": [],
      "pending": [],
      "skipped": [],
      "duration": 0,
      "root": true,
      "rootEmpty": true,
      "_timeout": 2000
    }
  ],
  "meta": {
    "mocha": {
      "version": "7.0.1"
    },
    "mochawesome": {
      "options": {
        "quiet": false,
        "reportFilename": "mochawesome-[status]_[datetime]",
        "saveHtml": true,
        "saveJson": true,
        "consoleReporter": "spec",
        "useInlineDiffs": false,
        "code": true
      },
      "version": "7.1.4"
    },
    "marge": {
      "options": {
        "reportDir": "cypress/reports/mochawesome-report",
        "reportFilename": "mochawesome-[status]_[datetime]",
        "quiet": false,
        "overwrite": false,
        "html": true,
        "json": true,
        "charts": true,
        "embeddedScreenshots": true,
        "inlineAssets": true,
        "saveJson": true,
        "saveHtml": true
      },
      "version": "6.3.2"
    }
  }
}