{
  "stats": {
    "suites": 2,
    "tests": 5,
    "passes": 5,
    "pending": 0,
    "failures": 0,
    "start": "2026-02-02T15:15:02.340Z",
    "end": "2026-02-02T15:16:00.230Z",
    "duration": 57890,
    "testsRegistered": 5,
    "passPercent": 100,
    "pendingPercent": 0,
    "other": 0,
    "hasOther": false,
    "skipped": 0,
    "hasSkipped": false
  },
  "results": [
    {
      "uuid": "a192a5b5-2007-4000-98f2-bc2473769e79",
      "title": "",
      "fullFile": "cypress\\e2e\\login-authentication\\login-authentication.cy.ts",
      "file": "cypress\\e2e\\login-authentication\\login-authentication.cy.ts",
      "beforeHooks": [],
      "afterHooks": [],
      "tests": [],
      "suites": [
        {
          "uuid": "bd96cb04-7e74-4f85-b707-8caa5dc24b35",
          "title": "Login Module - Positive Authentication Scenarios",
          "fullFile": "",
          "file": "",
          "beforeHooks": [],
          "afterHooks": [],
          "tests": [
            {
              "title": "TC_001: Validate successful login with valid admin credentials",
              "fullTitle": "Login Module - Positive Authentication Scenarios TC_001: Validate successful login with valid admin credentials",
              "timedOut": null,
              "duration": 19115,
              "state": "passed",
              "speed": "slow",
              "pass": true,
              "fail": false,
              "pending": false,
              "context": null,
              "code": "const adminUsername = this.credentials.admin.username;\nconst adminPassword = this.credentials.admin.password;\n_pages_LoginPage__WEBPACK_IMPORTED_MODULE_0__[\"default\"].login(adminUsername, adminPassword);\ncy.wait(3000);\n_pages_DashboardPage__WEBPACK_IMPORTED_MODULE_1__[\"default\"].verifyUserIsOnDashboard();\ncy.log('✓ TC_001 PASSED');",
              "err": {},
              "uuid": "780b07c6-6a6a-4bc3-88e5-6deb2b988bf7",
              "parentUUID": "bd96cb04-7e74-4f85-b707-8caa5dc24b35",
              "isHook": false,
              "skipped": false
            }
          ],
          "suites": [],
          "passes": [
            "780b07c6-6a6a-4bc3-88e5-6deb2b988bf7"
          ],
          "failures": [],
          "pending": [],
          "skipped": [],
          "duration": 19115,
          "root": false,
          "rootEmpty": false,
          "_timeout": 2000
        },
        {
          "uuid": "a17f3f4b-5a9b-473a-b27f-e1701368da9d",
          "title": "Login Module - Negative Authentication Scenarios",
          "fullFile": "",
          "file": "",
          "beforeHooks": [],
          "afterHooks": [],
          "tests": [
            {
              "title": "TC_002: Validate error message for invalid username",
              "fullTitle": "Login Module - Negative Authentication Scenarios TC_002: Validate error message for invalid username",
              "timedOut": null,
              "duration": 10000,
              "state": "passed",
              "speed": "medium",
              "pass": true,
              "fail": false,
              "pending": false,
              "context": null,
              "code": "_pages_LoginPage__WEBPACK_IMPORTED_MODULE_0__[\"default\"].enterUsername('InvalidUser@123');\ncy.wait(500);\n_pages_LoginPage__WEBPACK_IMPORTED_MODULE_0__[\"default\"].enterPassword('admin123');\ncy.wait(500);\n_pages_LoginPage__WEBPACK_IMPORTED_MODULE_0__[\"default\"].clickLoginButton();\ncy.wait(2000);\ncy.get('.oxd-alert-content--error', { timeout: 15000 })\n    .should('be.visible')\n    .should('contain', 'Invalid credentials');\ncy.log('✓ TC_002 PASSED');",
              "err": {},
              "uuid": "8c0485a2-1a4b-47e6-90a5-9bc8347e72c5",
              "parentUUID": "a17f3f4b-5a9b-473a-b27f-e1701368da9d",
              "isHook": false,
              "skipped": false
            },
            {
              "title": "TC_003: Validate error message for invalid password",
              "fullTitle": "Login Module - Negative Authentication Scenarios TC_003: Validate error message for invalid password",
              "timedOut": null,
              "duration": 10316,
              "state": "passed",
              "speed": "slow",
              "pass": true,
              "fail": false,
              "pending": false,
              "context": null,
              "code": "_pages_LoginPage__WEBPACK_IMPORTED_MODULE_0__[\"default\"].enterUsername('Admin');\ncy.wait(500);\n_pages_LoginPage__WEBPACK_IMPORTED_MODULE_0__[\"default\"].enterPassword('wrongpassword@123');\ncy.wait(500);\n_pages_LoginPage__WEBPACK_IMPORTED_MODULE_0__[\"default\"].clickLoginButton();\ncy.wait(2000);\ncy.get('.oxd-alert-content--error', { timeout: 15000 })\n    .should('be.visible')\n    .should('contain', 'Invalid credentials');\ncy.log('✓ TC_003 PASSED');",
              "err": {},
              "uuid": "72ebbb06-3348-4809-8df2-be9d7dfeb36b",
              "parentUUID": "a17f3f4b-5a9b-473a-b27f-e1701368da9d",
              "isHook": false,
              "skipped": false
            },
            {
              "title": "TC_004: Validate error message when username field is empty",
              "fullTitle": "Login Module - Negative Authentication Scenarios TC_004: Validate error message when username field is empty",
              "timedOut": null,
              "duration": 6619,
              "state": "passed",
              "speed": "medium",
              "pass": true,
              "fail": false,
              "pending": false,
              "context": null,
              "code": "// Leave username empty and just enter password\ncy.get('input[name=\"username\"]').should('exist').should('have.value', '');\n_pages_LoginPage__WEBPACK_IMPORTED_MODULE_0__[\"default\"].enterPassword('admin123');\ncy.wait(500);\n_pages_LoginPage__WEBPACK_IMPORTED_MODULE_0__[\"default\"].clickLoginButton();\ncy.wait(2000);\n// Check for any validation error message  \ncy.get('span', { timeout: 15000 })\n    .contains(/required|Required/)\n    .should('be.visible');\ncy.log('✓ TC_004 PASSED');",
              "err": {},
              "uuid": "ba357c87-5839-4c63-a308-416460dc1182",
              "parentUUID": "a17f3f4b-5a9b-473a-b27f-e1701368da9d",
              "isHook": false,
              "skipped": false
            },
            {
              "title": "TC_005: Validate error message when password field is empty",
              "fullTitle": "Login Module - Negative Authentication Scenarios TC_005: Validate error message when password field is empty",
              "timedOut": null,
              "duration": 6118,
              "state": "passed",
              "speed": "medium",
              "pass": true,
              "fail": false,
              "pending": false,
              "context": null,
              "code": "_pages_LoginPage__WEBPACK_IMPORTED_MODULE_0__[\"default\"].enterUsername('Admin');\ncy.wait(500);\ncy.get('input[name=\"password\"]').should('exist').should('have.value', '');\n_pages_LoginPage__WEBPACK_IMPORTED_MODULE_0__[\"default\"].clickLoginButton();\ncy.wait(2000);\n// Check for any validation error message\ncy.get('span', { timeout: 15000 })\n    .contains(/required|Required/)\n    .should('be.visible');\ncy.log('✓ TC_005 PASSED');",
              "err": {},
              "uuid": "8182dfc8-e793-488e-843a-50e0e209e8b4",
              "parentUUID": "a17f3f4b-5a9b-473a-b27f-e1701368da9d",
              "isHook": false,
              "skipped": false
            }
          ],
          "suites": [],
          "passes": [
            "8c0485a2-1a4b-47e6-90a5-9bc8347e72c5",
            "72ebbb06-3348-4809-8df2-be9d7dfeb36b",
            "ba357c87-5839-4c63-a308-416460dc1182",
            "8182dfc8-e793-488e-843a-50e0e209e8b4"
          ],
          "failures": [],
          "pending": [],
          "skipped": [],
          "duration": 33053,
          "root": false,
          "rootEmpty": false,
          "_timeout": 2000
        }
      ],
      "passes": [],
      "failures": [],
      "pending": [],
      "skipped": [],
      "duration": 0,
      "root": true,
      "rootEmpty": true,
      "_timeout": 2000
    }
  ],
  "meta": {
    "mocha": {
      "version": "7.0.1"
    },
    "mochawesome": {
      "options": {
        "quiet": false,
        "reportFilename": "mochawesome-[status]_[datetime]",
        "saveHtml": true,
        "saveJson": true,
        "consoleReporter": "spec",
        "useInlineDiffs": false,
        "code": true
      },
      "version": "7.1.4"
    },
    "marge": {
      "options": {
        "reportDir": "cypress/reports/mochawesome-report",
        "reportFilename": "mochawesome-[status]_[datetime]",
        "quiet": false,
        "overwrite": false,
        "html": true,
        "json": true,
        "charts": true,
        "embeddedScreenshots": true,
        "inlineAssets": true,
        "saveJson": true,
        "saveHtml": true
      },
      "version": "6.3.2"
    }
  }
}