{
  "stats": {
    "suites": 1,
    "tests": 1,
    "passes": 1,
    "pending": 0,
    "failures": 0,
    "start": "2026-01-31T15:14:24.856Z",
    "end": "2026-01-31T15:14:45.478Z",
    "duration": 20622,
    "testsRegistered": 1,
    "passPercent": 100,
    "pendingPercent": 0,
    "other": 0,
    "hasOther": false,
    "skipped": 0,
    "hasSkipped": false
  },
  "results": [
    {
      "uuid": "96286ac7-fab8-4a23-9adc-776515fb2a47",
      "title": "",
      "fullFile": "cypress\\e2e\\03-admin\\user-management.cy.ts",
      "file": "cypress\\e2e\\03-admin\\user-management.cy.ts",
      "beforeHooks": [],
      "afterHooks": [],
      "tests": [],
      "suites": [
        {
          "uuid": "5c443a67-c61e-49dc-8aae-c9ed7698e452",
          "title": "Admin Module - User Management",
          "fullFile": "",
          "file": "",
          "beforeHooks": [],
          "afterHooks": [],
          "tests": [
            {
              "title": "TC_007: Validate user creation with admin role in Admin module",
              "fullTitle": "Admin Module - User Management TC_007: Validate user creation with admin role in Admin module",
              "timedOut": null,
              "duration": 20007,
              "state": "passed",
              "speed": "slow",
              "pass": true,
              "fail": false,
              "pending": false,
              "context": null,
              "code": "cy.log('Test started');\ncy.log(`Admin creds loaded: ${adminCreds?.username || 'NOT LOADED'}`);\n// Just login and verify\n_pages_LoginPage__WEBPACK_IMPORTED_MODULE_0__[\"default\"].login(adminCreds.username, adminCreds.password);\ncy.wait(5000);\ncy.get('.oxd-topbar-header-breadcrumb h6').should('be.visible');\ncy.log('✓ TC_007 PASSED: Login successful and dashboard visible');",
              "err": {},
              "uuid": "e4d9ce40-29ae-4404-9bcc-7e24df9ac970",
              "parentUUID": "5c443a67-c61e-49dc-8aae-c9ed7698e452",
              "isHook": false,
              "skipped": false
            }
          ],
          "suites": [],
          "passes": [
            "e4d9ce40-29ae-4404-9bcc-7e24df9ac970"
          ],
          "failures": [],
          "pending": [],
          "skipped": [],
          "duration": 20007,
          "root": false,
          "rootEmpty": false,
          "_timeout": 2000
        }
      ],
      "passes": [],
      "failures": [],
      "pending": [],
      "skipped": [],
      "duration": 0,
      "root": true,
      "rootEmpty": true,
      "_timeout": 2000
    }
  ],
  "meta": {
    "mocha": {
      "version": "7.0.1"
    },
    "mochawesome": {
      "options": {
        "quiet": false,
        "reportFilename": "mochawesome-[status]_[datetime]",
        "saveHtml": true,
        "saveJson": true,
        "consoleReporter": "spec",
        "useInlineDiffs": false,
        "code": true
      },
      "version": "7.1.4"
    },
    "marge": {
      "options": {
        "reportDir": "cypress/reports/mochawesome-report",
        "reportFilename": "mochawesome-[status]_[datetime]",
        "quiet": false,
        "overwrite": false,
        "html": true,
        "json": true,
        "charts": true,
        "embeddedScreenshots": true,
        "inlineAssets": true,
        "saveJson": true,
        "saveHtml": true
      },
      "version": "6.3.2"
    }
  }
}