{
  "stats": {
    "suites": 1,
    "tests": 1,
    "passes": 1,
    "pending": 0,
    "failures": 0,
    "start": "2026-01-31T15:26:43.084Z",
    "end": "2026-01-31T15:26:56.223Z",
    "duration": 13139,
    "testsRegistered": 1,
    "passPercent": 100,
    "pendingPercent": 0,
    "other": 0,
    "hasOther": false,
    "skipped": 0,
    "hasSkipped": false
  },
  "results": [
    {
      "uuid": "4b56229f-8fed-4b8a-a67a-8328aacd42c4",
      "title": "",
      "fullFile": "cypress\\e2e\\03-admin\\user-management.cy.ts",
      "file": "cypress\\e2e\\03-admin\\user-management.cy.ts",
      "beforeHooks": [],
      "afterHooks": [],
      "tests": [],
      "suites": [
        {
          "uuid": "c16c7530-ae8d-45e2-befe-0849ca50f9fa",
          "title": "Admin Module - User Management",
          "fullFile": "",
          "file": "",
          "beforeHooks": [],
          "afterHooks": [],
          "tests": [
            {
              "title": "TC_007: Validate user creation with admin role in Admin module",
              "fullTitle": "Admin Module - User Management TC_007: Validate user creation with admin role in Admin module",
              "timedOut": null,
              "duration": 12576,
              "state": "passed",
              "speed": "slow",
              "pass": true,
              "fail": false,
              "pending": false,
              "context": null,
              "code": "cy.log('Test started');\ncy.log(`Admin creds loaded: ${adminCreds?.username || 'NOT LOADED'}`);\n// Just login and verify\n_pages_LoginPage__WEBPACK_IMPORTED_MODULE_0__[\"default\"].login(adminCreds.username, adminCreds.password);\ncy.wait(5000);\ncy.get('.oxd-topbar-header-breadcrumb h6').should('be.visible');\ncy.log('✓ TC_007 PASSED: Login successful and dashboard visible');",
              "err": {},
              "uuid": "ef8081f6-a3c9-4d46-86c8-853c91dc22e9",
              "parentUUID": "c16c7530-ae8d-45e2-befe-0849ca50f9fa",
              "isHook": false,
              "skipped": false
            }
          ],
          "suites": [],
          "passes": [
            "ef8081f6-a3c9-4d46-86c8-853c91dc22e9"
          ],
          "failures": [],
          "pending": [],
          "skipped": [],
          "duration": 12576,
          "root": false,
          "rootEmpty": false,
          "_timeout": 2000
        }
      ],
      "passes": [],
      "failures": [],
      "pending": [],
      "skipped": [],
      "duration": 0,
      "root": true,
      "rootEmpty": true,
      "_timeout": 2000
    }
  ],
  "meta": {
    "mocha": {
      "version": "7.0.1"
    },
    "mochawesome": {
      "options": {
        "quiet": false,
        "reportFilename": "mochawesome-[status]_[datetime]",
        "saveHtml": true,
        "saveJson": true,
        "consoleReporter": "spec",
        "useInlineDiffs": false,
        "code": true
      },
      "version": "7.1.4"
    },
    "marge": {
      "options": {
        "reportDir": "cypress/reports/mochawesome-report",
        "reportFilename": "mochawesome-[status]_[datetime]",
        "quiet": false,
        "overwrite": false,
        "html": true,
        "json": true,
        "charts": true,
        "embeddedScreenshots": true,
        "inlineAssets": true,
        "saveJson": true,
        "saveHtml": true
      },
      "version": "6.3.2"
    }
  }
}