{
  "stats": {
    "suites": 1,
    "tests": 2,
    "passes": 0,
    "pending": 2,
    "failures": 0,
    "start": "2026-02-02T14:45:18.738Z",
    "end": "2026-02-02T14:45:21.018Z",
    "duration": 2280,
    "testsRegistered": 2,
    "passPercent": null,
    "pendingPercent": 100,
    "other": 0,
    "hasOther": false,
    "skipped": 0,
    "hasSkipped": false
  },
  "results": [
    {
      "uuid": "7fe53f9c-e7b7-45ac-aa8f-da5b9716c62a",
      "title": "",
      "fullFile": "cypress\\e2e\\leave-management\\leave-apply-cancel.cy.ts",
      "file": "cypress\\e2e\\leave-management\\leave-apply-cancel.cy.ts",
      "beforeHooks": [],
      "afterHooks": [],
      "tests": [],
      "suites": [
        {
          "uuid": "347cd0c6-634e-4a56-b74c-72ef440992a3",
          "title": "Leave Management Module - Leave Application and Cancellation",
          "fullFile": "",
          "file": "",
          "beforeHooks": [],
          "afterHooks": [],
          "tests": [
            {
              "title": "TC_008: Apply leave for created employee and verify successful submission",
              "fullTitle": "Leave Management Module - Leave Application and Cancellation TC_008: Apply leave for created employee and verify successful submission",
              "timedOut": null,
              "duration": 75,
              "state": "pending",
              "speed": null,
              "pass": false,
              "fail": false,
              "pending": true,
              "context": null,
              "code": "// ARRANGE: Load test data from fixtures\nconst adminCredentials = this.credentials.admin;\nconst leaveTestData = this.testdata.leave;\n// Read employee data asynchronously\n(0,_support_cleanupHelper__WEBPACK_IMPORTED_MODULE_3__.readEmployeeTestData)().then((employeeRecords) => {\n    const targetEmployee = employeeRecords.length > 0\n        ? employeeRecords[employeeRecords.length - 1]\n        : null;\n    if (!targetEmployee) {\n        cy.log('⚠ Warning: No employee data found. Create employee first in TC_006');\n        this.skip();\n        return;\n    }\n    // Calculate leave dates (start from tomorrow)\n    const today = new Date();\n    const fromDate = new Date(today.getTime() + 24 * 60 * 60 * 1000);\n    const toDate = new Date(fromDate.getTime() + 4 * 24 * 60 * 60 * 1000);\n    // Format dates as YYYY-MM-DD\n    const formatDate = (date) => {\n        const year = date.getFullYear();\n        const month = String(date.getMonth() + 1).padStart(2, '0');\n        const day = String(date.getDate()).padStart(2, '0');\n        return `${year}-${month}-${day}`;\n    };\n    leaveRequestInformation = {\n        employeeName: `${targetEmployee.firstName} ${targetEmployee.lastName}`,\n        employeeId: targetEmployee.employeeId,\n        leaveType: leaveTestData.leaveType,\n        fromDate: formatDate(fromDate),\n        toDate: formatDate(toDate),\n        reason: leaveTestData.reason,\n        status: 'Pending Approval',\n        createdAt: new Date().toISOString()\n    };\n    // ACT: Perform login with admin credentials\n    _pages_LoginPage__WEBPACK_IMPORTED_MODULE_0__[\"default\"].login(adminCredentials.username, adminCredentials.password);\n    cy.wait(3000);\n    // Verify successful login\n    cy.get('.oxd-topbar-header-breadcrumb h6', { timeout: 20000 }).should('be.visible');\n    _pages_DashboardPage__WEBPACK_IMPORTED_MODULE_1__[\"default\"].verifyUserIsOnDashboard();\n    // Navigate to Leave module\n    cy.wait(2000);\n    _pages_DashboardPage__WEBPACK_IMPORTED_MODULE_1__[\"default\"].navigateToLeave();\n    cy.wait(3000);\n    // ASSERT: Apply leave and verify submission\n    _pages_LeaveManagementPage__WEBPACK_IMPORTED_MODULE_2__[\"default\"].applyLeave({\n        employeeName: leaveRequestInformation.employeeName,\n        leaveType: leaveRequestInformation.leaveType,\n        fromDate: leaveRequestInformation.fromDate,\n        toDate: leaveRequestInformation.toDate,\n        reason: leaveRequestInformation.reason\n    });\n    // Persist leave data to JSON file for audit trail\n    (0,_support_testDataHelper__WEBPACK_IMPORTED_MODULE_4__.saveLeaveData)(leaveRequestInformation);\n    cy.log(`✓ Leave request successfully submitted for employee: ${leaveRequestInformation.employeeName}`);\n    cy.log(`✓ Leave period: ${leaveRequestInformation.fromDate} to ${leaveRequestInformation.toDate}`);\n    cy.log(`✓ Leave data persisted for audit trail and cleanup`);\n    cy.log('✓ TC_008 PASSED - Leave application and submission verified');\n});",
              "err": {},
              "uuid": "555921cd-88d9-4477-8856-f0eca9df872c",
              "parentUUID": "347cd0c6-634e-4a56-b74c-72ef440992a3",
              "isHook": false,
              "skipped": false
            },
            {
              "title": "TC_009: Cancel applied leave and verify successful removal",
              "fullTitle": "Leave Management Module - Leave Application and Cancellation TC_009: Cancel applied leave and verify successful removal",
              "timedOut": null,
              "duration": 26,
              "state": "pending",
              "speed": null,
              "pass": false,
              "fail": false,
              "pending": true,
              "context": null,
              "code": "// ARRANGE: Load test data from fixtures\nconst adminCredentials = this.credentials.admin;\n// Read employee data asynchronously\n(0,_support_cleanupHelper__WEBPACK_IMPORTED_MODULE_3__.readEmployeeTestData)().then((employeeRecords) => {\n    const targetEmployee = employeeRecords.length > 0\n        ? employeeRecords[employeeRecords.length - 1]\n        : null;\n    if (!targetEmployee) {\n        cy.log('⚠ Warning: No employee data found. Create employee first in TC_006');\n        this.skip();\n        return;\n    }\n    const employeeFullName = `${targetEmployee.firstName} ${targetEmployee.lastName}`;\n    // ACT: Perform login with admin credentials\n    _pages_LoginPage__WEBPACK_IMPORTED_MODULE_0__[\"default\"].login(adminCredentials.username, adminCredentials.password);\n    cy.wait(3000);\n    // Verify successful login\n    cy.get('.oxd-topbar-header-breadcrumb h6', { timeout: 20000 }).should('be.visible');\n    _pages_DashboardPage__WEBPACK_IMPORTED_MODULE_1__[\"default\"].verifyUserIsOnDashboard();\n    // Navigate to Leave module\n    cy.wait(2000);\n    _pages_DashboardPage__WEBPACK_IMPORTED_MODULE_1__[\"default\"].navigateToLeave();\n    cy.wait(3000);\n    // Search for the leave record to locate it\n    _pages_LeaveManagementPage__WEBPACK_IMPORTED_MODULE_2__[\"default\"].searchLeaveRecord(employeeFullName);\n    cy.wait(1000);\n    // ASSERT: Cancel the leave request and verify cancellation\n    _pages_LeaveManagementPage__WEBPACK_IMPORTED_MODULE_2__[\"default\"].cancelLeaveRequest();\n    _pages_LeaveManagementPage__WEBPACK_IMPORTED_MODULE_2__[\"default\"].verifyLeaveRequestCanceled();\n    cy.log(`✓ Leave request successfully canceled for employee: ${employeeFullName}`);\n    cy.log(`✓ Leave record removed from active leaves in system`);\n    cy.log('✓ TC_009 PASSED - Leave cancellation and removal verified');\n});",
              "err": {},
              "uuid": "205048c8-d323-4c35-82d1-d7d6368931fc",
              "parentUUID": "347cd0c6-634e-4a56-b74c-72ef440992a3",
              "isHook": false,
              "skipped": false
            }
          ],
          "suites": [],
          "passes": [],
          "failures": [],
          "pending": [
            "555921cd-88d9-4477-8856-f0eca9df872c",
            "205048c8-d323-4c35-82d1-d7d6368931fc"
          ],
          "skipped": [],
          "duration": 101,
          "root": false,
          "rootEmpty": false,
          "_timeout": 2000
        }
      ],
      "passes": [],
      "failures": [],
      "pending": [],
      "skipped": [],
      "duration": 0,
      "root": true,
      "rootEmpty": true,
      "_timeout": 2000
    }
  ],
  "meta": {
    "mocha": {
      "version": "7.0.1"
    },
    "mochawesome": {
      "options": {
        "quiet": false,
        "reportFilename": "mochawesome-[status]_[datetime]",
        "saveHtml": true,
        "saveJson": true,
        "consoleReporter": "spec",
        "useInlineDiffs": false,
        "code": true
      },
      "version": "7.1.4"
    },
    "marge": {
      "options": {
        "reportDir": "cypress/reports/mochawesome-report",
        "reportFilename": "mochawesome-[status]_[datetime]",
        "quiet": false,
        "overwrite": false,
        "html": true,
        "json": true,
        "charts": true,
        "embeddedScreenshots": true,
        "inlineAssets": true,
        "saveJson": true,
        "saveHtml": true
      },
      "version": "6.3.2"
    }
  }
}