{
  "stats": {
    "suites": 1,
    "tests": 1,
    "passes": 0,
    "pending": 0,
    "failures": 1,
    "start": "2026-02-02T13:01:55.523Z",
    "end": "2026-02-02T13:03:04.529Z",
    "duration": 69006,
    "testsRegistered": 1,
    "passPercent": 0,
    "pendingPercent": 0,
    "other": 1,
    "hasOther": true,
    "skipped": 0,
    "hasSkipped": false
  },
  "results": [
    {
      "uuid": "bb0cd223-3226-415d-80f0-80e6f338e6f4",
      "title": "",
      "fullFile": "cypress\\e2e\\admin\\user.cy.ts",
      "file": "cypress\\e2e\\admin\\user.cy.ts",
      "beforeHooks": [],
      "afterHooks": [],
      "tests": [],
      "suites": [
        {
          "uuid": "40b0b49d-f97c-4865-b7d6-6d48e0414a16",
          "title": "Admin Module - User Management",
          "fullFile": "",
          "file": "",
          "beforeHooks": [],
          "afterHooks": [],
          "tests": [
            {
              "title": "TC_007: Validate user creation with admin role in Admin module",
              "fullTitle": "Admin Module - User Management TC_007: Validate user creation with admin role in Admin module",
              "timedOut": null,
              "duration": 1181,
              "state": "failed",
              "speed": null,
              "pass": false,
              "fail": true,
              "pending": false,
              "context": null,
              "code": "const adminCredentials = this.credentials.admin;\nconst userTestData = this.testdata.user;\nconst employeeRecords = (0,_support_testDataHelper__WEBPACK_IMPORTED_MODULE_3__.getEmployeeData)();\nconst assignedEmployeeName = employeeRecords.length > 0\n    ? `${employeeRecords[employeeRecords.length - 1].firstName} ${employeeRecords[employeeRecords.length - 1].lastName}`\n    : 'John Doe';\nuserInformation = {\n    username: `DemoUser_${uniqueTimestampCounter}`,\n    password: `DemoPass@${uniqueTimestampCounter}`,\n    role: userTestData.role,\n    employeeName: assignedEmployeeName,\n    status: userTestData.status,\n    createdAt: new Date().toISOString()\n};\n_pages_LoginPage__WEBPACK_IMPORTED_MODULE_0__[\"default\"].login(adminCredentials.username, adminCredentials.password);\ncy.wait(3000);\ncy.get('.oxd-topbar-header-breadcrumb h6', { timeout: 20000 }).should('be.visible');\n_pages_DashboardPage__WEBPACK_IMPORTED_MODULE_1__[\"default\"].verifyUserIsOnDashboard();\ncy.wait(2000);\n_pages_DashboardPage__WEBPACK_IMPORTED_MODULE_1__[\"default\"].navigateToAdmin();\ncy.wait(3000);\n_pages_AdminPage__WEBPACK_IMPORTED_MODULE_2__[\"default\"].addUser({\n    role: userInformation.role,\n    employeeName: userInformation.employeeName,\n    status: userInformation.status,\n    username: userInformation.username,\n    password: userInformation.password\n});\n(0,_support_testDataHelper__WEBPACK_IMPORTED_MODULE_3__.saveUserData)(userInformation);\ncy.log(`✓ User created: ${userInformation.username}`);\ncy.log('✓ TC_007 PASSED');",
              "err": {
                "message": "CypressError: `cy.click()` failed because it requires a DOM element.\n\nNo elements in the current DOM matched your query:\n\n  > cy.get(a[href=\"/web/index.php/auth/logout\"])\n\nBecause this error occurred during a `after each` hook we are skipping the remaining tests in the current suite: `Admin Module - User Management`",
                "estack": "CypressError: `cy.click()` failed because it requires a DOM element.\n\nNo elements in the current DOM matched your query:\n\n  > cy.get(a[href=\"/web/index.php/auth/logout\"])\n\nBecause this error occurred during a `after each` hook we are skipping the remaining tests in the current suite: `Admin Module - User Management`\n    at isElement (https://opensource-demo.orangehrmlive.com/__cypress/runner/cypress_runner.js:144996:62)\n    at validateType (https://opensource-demo.orangehrmlive.com/__cypress/runner/cypress_runner.js:144854:14)\n    at Object.isType (https://opensource-demo.orangehrmlive.com/__cypress/runner/cypress_runner.js:144885:7)\n    at $Cy.pushSubject (https://opensource-demo.orangehrmlive.com/__cypress/runner/cypress_runner.js:138534:22)\n    at wrapped (https://opensource-demo.orangehrmlive.com/__cypress/runner/cypress_runner.js:138091:19)\nFrom Your Spec Code:\n    at DashboardPage.logout (webpack://cypress-automation-demo/./cypress/pages/DashboardPage.ts:70:36)\n    at Context.eval (webpack://cypress-automation-demo/./cypress/e2e/admin/user.cy.ts:57:18)",
                "diff": null
              },
              "uuid": "d3a78946-f349-496e-937a-a84ef77f6f57",
              "parentUUID": "40b0b49d-f97c-4865-b7d6-6d48e0414a16",
              "isHook": false,
              "skipped": false
            }
          ],
          "suites": [],
          "passes": [],
          "failures": [
            "d3a78946-f349-496e-937a-a84ef77f6f57"
          ],
          "pending": [],
          "skipped": [],
          "duration": 1181,
          "root": false,
          "rootEmpty": false,
          "_timeout": 2000
        }
      ],
      "passes": [],
      "failures": [],
      "pending": [],
      "skipped": [],
      "duration": 0,
      "root": true,
      "rootEmpty": true,
      "_timeout": 2000
    }
  ],
  "meta": {
    "mocha": {
      "version": "7.0.1"
    },
    "mochawesome": {
      "options": {
        "quiet": false,
        "reportFilename": "mochawesome-[status]_[datetime]",
        "saveHtml": true,
        "saveJson": true,
        "consoleReporter": "spec",
        "useInlineDiffs": false,
        "code": true
      },
      "version": "7.1.4"
    },
    "marge": {
      "options": {
        "reportDir": "cypress/reports/mochawesome-report",
        "reportFilename": "mochawesome-[status]_[datetime]",
        "quiet": false,
        "overwrite": false,
        "html": true,
        "json": true,
        "charts": true,
        "embeddedScreenshots": true,
        "inlineAssets": true,
        "saveJson": true,
        "saveHtml": true
      },
      "version": "6.3.2"
    }
  }
}