{
  "stats": {
    "suites": 2,
    "tests": 5,
    "passes": 5,
    "pending": 0,
    "failures": 0,
    "start": "2026-01-31T15:02:48.517Z",
    "end": "2026-01-31T15:03:40.102Z",
    "duration": 51585,
    "testsRegistered": 5,
    "passPercent": 100,
    "pendingPercent": 0,
    "other": 0,
    "hasOther": false,
    "skipped": 0,
    "hasSkipped": false
  },
  "results": [
    {
      "uuid": "aa16d224-bfc4-4be7-9070-87b9ca51932d",
      "title": "",
      "fullFile": "cypress\\e2e\\login\\login.cy.ts",
      "file": "cypress\\e2e\\login\\login.cy.ts",
      "beforeHooks": [],
      "afterHooks": [],
      "tests": [],
      "suites": [
        {
          "uuid": "4f472da5-1e66-45a4-8de1-bfa57f92315f",
          "title": "Login Module - Positive Authentication Scenarios",
          "fullFile": "",
          "file": "",
          "beforeHooks": [],
          "afterHooks": [],
          "tests": [
            {
              "title": "TC_001: Validate successful login with valid admin credentials",
              "fullTitle": "Login Module - Positive Authentication Scenarios TC_001: Validate successful login with valid admin credentials",
              "timedOut": null,
              "duration": 13007,
              "state": "passed",
              "speed": "slow",
              "pass": true,
              "fail": false,
              "pending": false,
              "context": null,
              "code": "const adminUsername = this.credentials.admin.username;\nconst adminPassword = this.credentials.admin.password;\n_pages_LoginPage__WEBPACK_IMPORTED_MODULE_0__[\"default\"].login(adminUsername, adminPassword);\ncy.wait(3000);\n_pages_DashboardPage__WEBPACK_IMPORTED_MODULE_1__[\"default\"].verifyUserIsOnDashboard();\ncy.log('✓ TC_001 PASSED');",
              "err": {},
              "uuid": "8805f486-38cc-4542-a1ca-110047164e8f",
              "parentUUID": "4f472da5-1e66-45a4-8de1-bfa57f92315f",
              "isHook": false,
              "skipped": false
            }
          ],
          "suites": [],
          "passes": [
            "8805f486-38cc-4542-a1ca-110047164e8f"
          ],
          "failures": [],
          "pending": [],
          "skipped": [],
          "duration": 13007,
          "root": false,
          "rootEmpty": false,
          "_timeout": 2000
        },
        {
          "uuid": "56f048b2-c1d0-4341-8dea-25be1874a6d5",
          "title": "Login Module - Negative Authentication Scenarios",
          "fullFile": "",
          "file": "",
          "beforeHooks": [],
          "afterHooks": [],
          "tests": [
            {
              "title": "TC_002: Validate error message for invalid username",
              "fullTitle": "Login Module - Negative Authentication Scenarios TC_002: Validate error message for invalid username",
              "timedOut": null,
              "duration": 10084,
              "state": "passed",
              "speed": "slow",
              "pass": true,
              "fail": false,
              "pending": false,
              "context": null,
              "code": "_pages_LoginPage__WEBPACK_IMPORTED_MODULE_0__[\"default\"].enterUsername('InvalidUser@123');\ncy.wait(500);\n_pages_LoginPage__WEBPACK_IMPORTED_MODULE_0__[\"default\"].enterPassword('admin123');\ncy.wait(500);\n_pages_LoginPage__WEBPACK_IMPORTED_MODULE_0__[\"default\"].clickLoginButton();\ncy.wait(2000);\ncy.get('.oxd-alert-content--error', { timeout: 15000 })\n    .should('be.visible')\n    .should('contain', 'Invalid credentials');\ncy.log('✓ TC_002 PASSED');",
              "err": {},
              "uuid": "9b7253b4-2575-482a-aef4-6aaf997309b1",
              "parentUUID": "56f048b2-c1d0-4341-8dea-25be1874a6d5",
              "isHook": false,
              "skipped": false
            },
            {
              "title": "TC_003: Validate error message for invalid password",
              "fullTitle": "Login Module - Negative Authentication Scenarios TC_003: Validate error message for invalid password",
              "timedOut": null,
              "duration": 10306,
              "state": "passed",
              "speed": "slow",
              "pass": true,
              "fail": false,
              "pending": false,
              "context": null,
              "code": "_pages_LoginPage__WEBPACK_IMPORTED_MODULE_0__[\"default\"].enterUsername('Admin');\ncy.wait(500);\n_pages_LoginPage__WEBPACK_IMPORTED_MODULE_0__[\"default\"].enterPassword('wrongpassword@123');\ncy.wait(500);\n_pages_LoginPage__WEBPACK_IMPORTED_MODULE_0__[\"default\"].clickLoginButton();\ncy.wait(2000);\ncy.get('.oxd-alert-content--error', { timeout: 15000 })\n    .should('be.visible')\n    .should('contain', 'Invalid credentials');\ncy.log('✓ TC_003 PASSED');",
              "err": {},
              "uuid": "2f4b1bbb-175f-40ff-9ff9-4a417bcb27ab",
              "parentUUID": "56f048b2-c1d0-4341-8dea-25be1874a6d5",
              "isHook": false,
              "skipped": false
            },
            {
              "title": "TC_004: Validate error message when username field is empty",
              "fullTitle": "Login Module - Negative Authentication Scenarios TC_004: Validate error message when username field is empty",
              "timedOut": null,
              "duration": 6507,
              "state": "passed",
              "speed": "medium",
              "pass": true,
              "fail": false,
              "pending": false,
              "context": null,
              "code": "// Leave username empty and just enter password\ncy.get('input[name=\"username\"]').should('exist').should('have.value', '');\n_pages_LoginPage__WEBPACK_IMPORTED_MODULE_0__[\"default\"].enterPassword('admin123');\ncy.wait(500);\n_pages_LoginPage__WEBPACK_IMPORTED_MODULE_0__[\"default\"].clickLoginButton();\ncy.wait(2000);\n// Check for any validation error message  \ncy.get('span', { timeout: 15000 })\n    .contains(/required|Required/)\n    .should('be.visible');\ncy.log('✓ TC_004 PASSED');",
              "err": {},
              "uuid": "9fd593cd-e54f-4642-933f-80790a6370e9",
              "parentUUID": "56f048b2-c1d0-4341-8dea-25be1874a6d5",
              "isHook": false,
              "skipped": false
            },
            {
              "title": "TC_005: Validate error message when password field is empty",
              "fullTitle": "Login Module - Negative Authentication Scenarios TC_005: Validate error message when password field is empty",
              "timedOut": null,
              "duration": 6119,
              "state": "passed",
              "speed": "medium",
              "pass": true,
              "fail": false,
              "pending": false,
              "context": null,
              "code": "_pages_LoginPage__WEBPACK_IMPORTED_MODULE_0__[\"default\"].enterUsername('Admin');\ncy.wait(500);\ncy.get('input[name=\"password\"]').should('exist').should('have.value', '');\n_pages_LoginPage__WEBPACK_IMPORTED_MODULE_0__[\"default\"].clickLoginButton();\ncy.wait(2000);\n// Check for any validation error message\ncy.get('span', { timeout: 15000 })\n    .contains(/required|Required/)\n    .should('be.visible');\ncy.log('✓ TC_005 PASSED');",
              "err": {},
              "uuid": "4ce4e427-a4e6-4f1a-bf54-b500b00eefeb",
              "parentUUID": "56f048b2-c1d0-4341-8dea-25be1874a6d5",
              "isHook": false,
              "skipped": false
            }
          ],
          "suites": [],
          "passes": [
            "9b7253b4-2575-482a-aef4-6aaf997309b1",
            "2f4b1bbb-175f-40ff-9ff9-4a417bcb27ab",
            "9fd593cd-e54f-4642-933f-80790a6370e9",
            "4ce4e427-a4e6-4f1a-bf54-b500b00eefeb"
          ],
          "failures": [],
          "pending": [],
          "skipped": [],
          "duration": 33016,
          "root": false,
          "rootEmpty": false,
          "_timeout": 2000
        }
      ],
      "passes": [],
      "failures": [],
      "pending": [],
      "skipped": [],
      "duration": 0,
      "root": true,
      "rootEmpty": true,
      "_timeout": 2000
    }
  ],
  "meta": {
    "mocha": {
      "version": "7.0.1"
    },
    "mochawesome": {
      "options": {
        "quiet": false,
        "reportFilename": "mochawesome-[status]_[datetime]",
        "saveHtml": true,
        "saveJson": true,
        "consoleReporter": "spec",
        "useInlineDiffs": false,
        "code": true
      },
      "version": "7.1.4"
    },
    "marge": {
      "options": {
        "reportDir": "cypress/reports/mochawesome-report",
        "reportFilename": "mochawesome-[status]_[datetime]",
        "quiet": false,
        "overwrite": false,
        "html": true,
        "json": true,
        "charts": true,
        "embeddedScreenshots": true,
        "inlineAssets": true,
        "saveJson": true,
        "saveHtml": true
      },
      "version": "6.3.2"
    }
  }
}