{
  "stats": {
    "suites": 1,
    "tests": 1,
    "passes": 0,
    "pending": 0,
    "failures": 1,
    "start": "2026-02-02T14:24:32.719Z",
    "end": "2026-02-02T14:25:44.761Z",
    "duration": 72042,
    "testsRegistered": 1,
    "passPercent": 0,
    "pendingPercent": 0,
    "other": 1,
    "hasOther": true,
    "skipped": 0,
    "hasSkipped": false
  },
  "results": [
    {
      "uuid": "24559b37-17af-4166-a2bc-f5a5cdd598f4",
      "title": "",
      "fullFile": "cypress\\e2e\\employee-management\\employee-create-management.cy.ts",
      "file": "cypress\\e2e\\employee-management\\employee-create-management.cy.ts",
      "beforeHooks": [],
      "afterHooks": [],
      "tests": [],
      "suites": [
        {
          "uuid": "a17ff705-f0d8-4246-9a9b-cdaaae43a4cc",
          "title": "PIM Module - Employee Management",
          "fullFile": "",
          "file": "",
          "beforeHooks": [],
          "afterHooks": [],
          "tests": [
            {
              "title": "TC_006: Validate employee creation and data storage in PIM module",
              "fullTitle": "PIM Module - Employee Management TC_006: Validate employee creation and data storage in PIM module",
              "timedOut": null,
              "duration": 1170,
              "state": "failed",
              "speed": null,
              "pass": false,
              "fail": true,
              "pending": false,
              "context": null,
              "code": "// ARRANGE: Load test data from fixtures\nconst adminCredentials = this.credentials.admin;\nconst employeeTestData = this.testdata.employee;\n// Create employee information with unique identifiers\nemployeeInformation = {\n    firstName: employeeTestData.firstName + '_' + uniqueTimestampCounter,\n    middleName: employeeTestData.middleName,\n    lastName: employeeTestData.lastName + '_' + uniqueTimestampCounter,\n    createdAt: new Date().toISOString()\n};\n// ACT: Perform login with admin credentials\n_pages_LoginPage__WEBPACK_IMPORTED_MODULE_0__[\"default\"].login(adminCredentials.username, adminCredentials.password);\ncy.wait(3000);\n// Verify successful login by checking dashboard heading visibility\ncy.get('.oxd-topbar-header-breadcrumb h6', { timeout: 20000 }).should('be.visible');\n_pages_DashboardPage__WEBPACK_IMPORTED_MODULE_1__[\"default\"].verifyUserIsOnDashboard();\n// Navigate to PIM module\ncy.wait(2000);\n_pages_DashboardPage__WEBPACK_IMPORTED_MODULE_1__[\"default\"].navigateToPim();\ncy.wait(3000);\n// ASSERT: Add employee and verify creation with data persistence\n_pages_PimPage__WEBPACK_IMPORTED_MODULE_2__[\"default\"].addEmployee({\n    firstName: employeeInformation.firstName,\n    middleName: employeeInformation.middleName,\n    lastName: employeeInformation.lastName\n}).then((generatedEmployeeId) => {\n    // Store the system-generated employee ID\n    employeeInformation.employeeId = generatedEmployeeId;\n    // Persist employee data to JSON file for cleanup reference\n    (0,_support_testDataHelper__WEBPACK_IMPORTED_MODULE_3__.saveEmployeeData)(employeeInformation);\n    cy.log(`✓ Employee successfully created with ID: ${generatedEmployeeId}`);\n    cy.log(`✓ Employee data persisted for audit trail and cleanup`);\n});\ncy.log('✓ TC_006 PASSED - Employee creation and data storage verified');",
              "err": {
                "message": "CypressError: `cy.click()` failed because it requires a DOM element.\n\nNo elements in the current DOM matched your query:\n\n  > cy.get(a[href=\"/web/index.php/auth/logout\"])\n\nBecause this error occurred during a `after each` hook we are skipping the remaining tests in the current suite: `PIM Module - Employee Manag...`",
                "estack": "CypressError: `cy.click()` failed because it requires a DOM element.\n\nNo elements in the current DOM matched your query:\n\n  > cy.get(a[href=\"/web/index.php/auth/logout\"])\n\nBecause this error occurred during a `after each` hook we are skipping the remaining tests in the current suite: `PIM Module - Employee Manag...`\n    at isElement (https://opensource-demo.orangehrmlive.com/__cypress/runner/cypress_runner.js:144996:62)\n    at validateType (https://opensource-demo.orangehrmlive.com/__cypress/runner/cypress_runner.js:144854:14)\n    at Object.isType (https://opensource-demo.orangehrmlive.com/__cypress/runner/cypress_runner.js:144885:7)\n    at $Cy.pushSubject (https://opensource-demo.orangehrmlive.com/__cypress/runner/cypress_runner.js:138534:22)\n    at wrapped (https://opensource-demo.orangehrmlive.com/__cypress/runner/cypress_runner.js:138091:19)\nFrom Your Spec Code:\n    at DashboardPage.logout (webpack://cypress-automation-demo/./cypress/pages/DashboardPage.ts:70:36)\n    at Context.eval (webpack://cypress-automation-demo/./cypress/e2e/employee-management/employee-create-management.cy.ts:116:18)",
                "diff": null
              },
              "uuid": "7f132bb0-35c7-4f4b-8e9d-0f075b642dc0",
              "parentUUID": "a17ff705-f0d8-4246-9a9b-cdaaae43a4cc",
              "isHook": false,
              "skipped": false
            }
          ],
          "suites": [],
          "passes": [],
          "failures": [
            "7f132bb0-35c7-4f4b-8e9d-0f075b642dc0"
          ],
          "pending": [],
          "skipped": [],
          "duration": 1170,
          "root": false,
          "rootEmpty": false,
          "_timeout": 2000
        }
      ],
      "passes": [],
      "failures": [],
      "pending": [],
      "skipped": [],
      "duration": 0,
      "root": true,
      "rootEmpty": true,
      "_timeout": 2000
    }
  ],
  "meta": {
    "mocha": {
      "version": "7.0.1"
    },
    "mochawesome": {
      "options": {
        "quiet": false,
        "reportFilename": "mochawesome-[status]_[datetime]",
        "saveHtml": true,
        "saveJson": true,
        "consoleReporter": "spec",
        "useInlineDiffs": false,
        "code": true
      },
      "version": "7.1.4"
    },
    "marge": {
      "options": {
        "reportDir": "cypress/reports/mochawesome-report",
        "reportFilename": "mochawesome-[status]_[datetime]",
        "quiet": false,
        "overwrite": false,
        "html": true,
        "json": true,
        "charts": true,
        "embeddedScreenshots": true,
        "inlineAssets": true,
        "saveJson": true,
        "saveHtml": true
      },
      "version": "6.3.2"
    }
  }
}