{
  "stats": {
    "suites": 1,
    "tests": 1,
    "passes": 1,
    "pending": 0,
    "failures": 0,
    "start": "2026-01-31T15:03:44.223Z",
    "end": "2026-01-31T15:03:57.218Z",
    "duration": 12995,
    "testsRegistered": 1,
    "passPercent": 100,
    "pendingPercent": 0,
    "other": 0,
    "hasOther": false,
    "skipped": 0,
    "hasSkipped": false
  },
  "results": [
    {
      "uuid": "d35ab5d9-21ee-493d-b0fb-5a442a2d8076",
      "title": "",
      "fullFile": "cypress\\e2e\\cleanup\\cleanup.cy.ts",
      "file": "cypress\\e2e\\cleanup\\cleanup.cy.ts",
      "beforeHooks": [],
      "afterHooks": [],
      "tests": [],
      "suites": [
        {
          "uuid": "205b384f-39d3-4dd3-b25d-510431eb2bb0",
          "title": "Test Execution - Data Verification and Cleanup",
          "fullFile": "",
          "file": "",
          "beforeHooks": [],
          "afterHooks": [],
          "tests": [
            {
              "title": "TC_008: Validate test data documentation and cleanup verification",
              "fullTitle": "Test Execution - Data Verification and Cleanup TC_008: Validate test data documentation and cleanup verification",
              "timedOut": null,
              "duration": 8878,
              "state": "passed",
              "speed": "medium",
              "pass": true,
              "fail": false,
              "pending": false,
              "context": null,
              "code": "const adminCredentials = this.credentials.admin;\n_pages_LoginPage__WEBPACK_IMPORTED_MODULE_0__[\"default\"].login(adminCredentials.username, adminCredentials.password);\n_pages_DashboardPage__WEBPACK_IMPORTED_MODULE_1__[\"default\"].verifyUserIsOnDashboard();\ncy.log('✓ TC_008 PASSED');",
              "err": {},
              "uuid": "1bd44964-5c96-4a78-82cc-4c724d49bf89",
              "parentUUID": "205b384f-39d3-4dd3-b25d-510431eb2bb0",
              "isHook": false,
              "skipped": false
            }
          ],
          "suites": [],
          "passes": [
            "1bd44964-5c96-4a78-82cc-4c724d49bf89"
          ],
          "failures": [],
          "pending": [],
          "skipped": [],
          "duration": 8878,
          "root": false,
          "rootEmpty": false,
          "_timeout": 2000
        }
      ],
      "passes": [],
      "failures": [],
      "pending": [],
      "skipped": [],
      "duration": 0,
      "root": true,
      "rootEmpty": true,
      "_timeout": 2000
    }
  ],
  "meta": {
    "mocha": {
      "version": "7.0.1"
    },
    "mochawesome": {
      "options": {
        "quiet": false,
        "reportFilename": "mochawesome-[status]_[datetime]",
        "saveHtml": true,
        "saveJson": true,
        "consoleReporter": "spec",
        "useInlineDiffs": false,
        "code": true
      },
      "version": "7.1.4"
    },
    "marge": {
      "options": {
        "reportDir": "cypress/reports/mochawesome-report",
        "reportFilename": "mochawesome-[status]_[datetime]",
        "quiet": false,
        "overwrite": false,
        "html": true,
        "json": true,
        "charts": true,
        "embeddedScreenshots": true,
        "inlineAssets": true,
        "saveJson": true,
        "saveHtml": true
      },
      "version": "6.3.2"
    }
  }
}