{
  "stats": {
    "tests": 30,
    "passes": 30,
    "failures": 0,
    "pending": 0,
    "skipped": 0,
    "duration": 490006,
    "start": "2026-02-17T13:04:20.108Z",
    "end": "2026-02-17T13:13:55.848Z"
  },
  "suites": [],
  "tests": [
    {
      "title": "TC_01. Login with valid admin credentials",
      "fullTitle": "Login TC_01. Login with valid admin credentials",
      "timedOut": null,
      "duration": 14187,
      "state": "passed",
      "speed": "slow",
      "pass": true,
      "fail": false,
      "pending": false,
      "context": null,
      "code": "cy.visit('/web/index.php/auth/login');\ncy.get('input[name=\"username\"]').type('Admin', { delay: 50 });\ncy.get('input[name=\"password\"]').type('admin123', { delay: 50 });\ncy.get('button[type=\"submit\"]').click();\ncy.get('.oxd-topbar-header-breadcrumb h6', { timeout: 20000 }).should('be.visible');\ncy.get('.oxd-userdropdown-tab').click();\ncy.get('a[href=\"/web/index.php/auth/logout\"]').click();",
      "err": {},
      "uuid": "44ab3ea3-939d-4746-99c6-f065cb356afb",
      "parentUUID": "3a58ccd2-1e4d-42ae-a157-7d822bc75e1e",
      "isHook": false,
      "skipped": false,
      "_moduleIndex": 4,
      "_moduleName": "login-report",
      "_suiteName": "Login",
      "_testIndex": 0
    },
    {
      "title": "TC_02. Verify login page loaded with all fields",
      "fullTitle": "Login TC_02. Verify login page loaded with all fields",
      "timedOut": null,
      "duration": 2599,
      "state": "passed",
      "speed": "fast",
      "pass": true,
      "fail": false,
      "pending": false,
      "context": null,
      "code": "cy.visit('/web/index.php/auth/login');\ncy.get('input[name=\"username\"]').should('be.visible');\ncy.get('input[name=\"password\"]').should('be.visible');\ncy.get('button[type=\"submit\"]').should('be.visible');",
      "err": {},
      "uuid": "aae0f9e5-7013-41cf-b729-69fd71d555a0",
      "parentUUID": "3a58ccd2-1e4d-42ae-a157-7d822bc75e1e",
      "isHook": false,
      "skipped": false,
      "_moduleIndex": 4,
      "_moduleName": "login-report",
      "_suiteName": "Login",
      "_testIndex": 1
    },
    {
      "title": "TC_03. Login with empty username - shows error",
      "fullTitle": "Login TC_03. Login with empty username - shows error",
      "timedOut": null,
      "duration": 2670,
      "state": "passed",
      "speed": "fast",
      "pass": true,
      "fail": false,
      "pending": false,
      "context": null,
      "code": "cy.visit('/web/index.php/auth/login');\ncy.get('input[name=\"password\"]').type('admin123', { delay: 50 });\ncy.get('button[type=\"submit\"]').click();\ncy.get('.oxd-input-field-error-message', { timeout: 10000 }).should('be.visible');",
      "err": {},
      "uuid": "b6e4d1b2-87e9-42c0-a253-0bafe0da4cc2",
      "parentUUID": "3a58ccd2-1e4d-42ae-a157-7d822bc75e1e",
      "isHook": false,
      "skipped": false,
      "_moduleIndex": 4,
      "_moduleName": "login-report",
      "_suiteName": "Login",
      "_testIndex": 2
    },
    {
      "title": "TC_04. Login with invalid password - shows error",
      "fullTitle": "Login TC_04. Login with invalid password - shows error",
      "timedOut": null,
      "duration": 5543,
      "state": "passed",
      "speed": "medium",
      "pass": true,
      "fail": false,
      "pending": false,
      "context": null,
      "code": "cy.visit('/web/index.php/auth/login');\ncy.get('input[name=\"username\"]').type('Admin', { delay: 50 });\ncy.get('input[name=\"password\"]').type('wrongpassword', { delay: 50 });\ncy.get('button[type=\"submit\"]').click();\ncy.get('.oxd-input-field--error input, .oxd-alert, .oxd-input-error', { timeout: 10000 }).should('exist');",
      "err": {},
      "uuid": "5aa0030f-e4e9-41a7-8996-3b0b00456b15",
      "parentUUID": "3a58ccd2-1e4d-42ae-a157-7d822bc75e1e",
      "isHook": false,
      "skipped": false,
      "_moduleIndex": 4,
      "_moduleName": "login-report",
      "_suiteName": "Login",
      "_testIndex": 3
    },
    {
      "title": "TC_05. Login redirects to dashboard",
      "fullTitle": "Login TC_05. Login redirects to dashboard",
      "timedOut": null,
      "duration": 12806,
      "state": "passed",
      "speed": "slow",
      "pass": true,
      "fail": false,
      "pending": false,
      "context": null,
      "code": "cy.visit('/web/index.php/auth/login');\ncy.get('input[name=\"username\"]').type('Admin', { delay: 50 });\ncy.get('input[name=\"password\"]').type('admin123', { delay: 50 });\ncy.get('button[type=\"submit\"]').click();\ncy.url().should('include', '/dashboard');\ncy.get('.oxd-userdropdown-tab').click();\ncy.get('a[href=\"/web/index.php/auth/logout\"]').click();",
      "err": {},
      "uuid": "cd432bd5-8afd-4c6d-a93a-fbb230595d34",
      "parentUUID": "3a58ccd2-1e4d-42ae-a157-7d822bc75e1e",
      "isHook": false,
      "skipped": false,
      "_moduleIndex": 4,
      "_moduleName": "login-report",
      "_suiteName": "Login",
      "_testIndex": 4
    },
    {
      "title": "TC_06. Create employee with valid data",
      "fullTitle": "Employee TC_06. Create employee with valid data",
      "timedOut": null,
      "duration": 26081,
      "state": "passed",
      "speed": "slow",
      "pass": true,
      "fail": false,
      "pending": false,
      "context": null,
      "code": "cy.visit('/web/index.php/pim/viewEmployeeList');\ncy.wait(1000);\ncy.get('button').filter(':contains(\"Add\")').first().click({ force: true });\ncy.wait(1500);\ncy.get('input[placeholder=\"First Name\"]').type('TestEmp1', { delay: 50 });\ncy.get('input[placeholder=\"Last Name\"]').type('Employee', { delay: 50 });\ncy.wait(500);\ncy.get('button[type=\"submit\"]').click();\ncy.get('.oxd-toast--success', { timeout: 20000 }).should('be.visible');",
      "err": {},
      "uuid": "6ec03d84-8c61-4e57-b0f1-5683d841dcf2",
      "parentUUID": "05d6e797-9e37-4a6a-8ebb-ff1fe85c84c6",
      "isHook": false,
      "skipped": false,
      "_moduleIndex": 2,
      "_moduleName": "employee-report",
      "_suiteName": "Employee",
      "_testIndex": 0
    },
    {
      "title": "TC_07. Verify employee ID generated",
      "fullTitle": "Employee TC_07. Verify employee ID generated",
      "timedOut": null,
      "duration": 19649,
      "state": "passed",
      "speed": "slow",
      "pass": true,
      "fail": false,
      "pending": false,
      "context": null,
      "code": "cy.visit('/web/index.php/pim/viewEmployeeList');\ncy.wait(1000);\ncy.get('button').filter(':contains(\"Add\")').first().click({ force: true });\ncy.wait(1500);\ncy.get('input[placeholder=\"First Name\"]').type('TestEmp2', { delay: 50 });\ncy.get('input[placeholder=\"Last Name\"]').type('Employee', { delay: 50 });\ncy.wait(500);\ncy.get('button[type=\"submit\"]').click();\ncy.get('.oxd-toast--success', { timeout: 20000 }).should('be.visible');\ncy.url().should('include', '/pim/');",
      "err": {},
      "uuid": "6db3086b-2a39-45a9-b9d2-2b77002a693f",
      "parentUUID": "05d6e797-9e37-4a6a-8ebb-ff1fe85c84c6",
      "isHook": false,
      "skipped": false,
      "_moduleIndex": 2,
      "_moduleName": "employee-report",
      "_suiteName": "Employee",
      "_testIndex": 1
    },
    {
      "title": "TC_08. Navigate to employee list page",
      "fullTitle": "Employee TC_08. Navigate to employee list page",
      "timedOut": null,
      "duration": 18931,
      "state": "passed",
      "speed": "slow",
      "pass": true,
      "fail": false,
      "pending": false,
      "context": null,
      "code": "cy.visit('/web/index.php/pim/viewEmployeeList');\ncy.url().should('include', '/pim/viewEmployeeList');\ncy.get('.oxd-table-body').should('be.visible');",
      "err": {},
      "uuid": "57a0fe70-654c-4d04-8fa1-e4ea1890766b",
      "parentUUID": "05d6e797-9e37-4a6a-8ebb-ff1fe85c84c6",
      "isHook": false,
      "skipped": false,
      "_moduleIndex": 2,
      "_moduleName": "employee-report",
      "_suiteName": "Employee",
      "_testIndex": 2
    },
    {
      "title": "TC_09. Create employee with empty first name - shows error",
      "fullTitle": "Employee TC_09. Create employee with empty first name - shows error",
      "timedOut": null,
      "duration": 14259,
      "state": "passed",
      "speed": "slow",
      "pass": true,
      "fail": false,
      "pending": false,
      "context": null,
      "code": "cy.visit('/web/index.php/pim/viewEmployeeList');\ncy.wait(1000);\ncy.get('button').filter(':contains(\"Add\")').first().click({ force: true });\ncy.wait(1500);\ncy.get('input[placeholder=\"Last Name\"]').type('Employee', { delay: 50 });\ncy.get('button[type=\"submit\"]').click();\ncy.get('.oxd-input-field-error-message', { timeout: 10000 }).should('be.visible');",
      "err": {},
      "uuid": "93a9924b-8985-4082-9119-077abf4d540d",
      "parentUUID": "05d6e797-9e37-4a6a-8ebb-ff1fe85c84c6",
      "isHook": false,
      "skipped": false,
      "_moduleIndex": 2,
      "_moduleName": "employee-report",
      "_suiteName": "Employee",
      "_testIndex": 3
    },
    {
      "title": "TC_10. Create employee with empty last name - shows error",
      "fullTitle": "Employee TC_10. Create employee with empty last name - shows error",
      "timedOut": null,
      "duration": 14611,
      "state": "passed",
      "speed": "slow",
      "pass": true,
      "fail": false,
      "pending": false,
      "context": null,
      "code": "cy.visit('/web/index.php/pim/viewEmployeeList');\ncy.wait(1000);\ncy.get('button').filter(':contains(\"Add\")').first().click({ force: true });\ncy.wait(1500);\ncy.get('input[placeholder=\"First Name\"]').type('TestEmp5', { delay: 50 });\ncy.get('button[type=\"submit\"]').click();\ncy.get('.oxd-input-field-error-message', { timeout: 10000 }).should('be.visible');",
      "err": {},
      "uuid": "4b87ad2d-0437-44d4-b410-d730add00ad3",
      "parentUUID": "05d6e797-9e37-4a6a-8ebb-ff1fe85c84c6",
      "isHook": false,
      "skipped": false,
      "_moduleIndex": 2,
      "_moduleName": "employee-report",
      "_suiteName": "Employee",
      "_testIndex": 4
    },
    {
      "title": "TC_11. Navigate to Admin module",
      "fullTitle": "User TC_11. Navigate to Admin module",
      "timedOut": null,
      "duration": 13261,
      "state": "passed",
      "speed": "slow",
      "pass": true,
      "fail": false,
      "pending": false,
      "context": null,
      "code": "cy.visit('/web/index.php/admin/viewSystemUsers');\ncy.wait(1000);\ncy.url().should('include', '/admin/viewSystemUsers');",
      "err": {},
      "uuid": "435d21df-11e8-4ac8-9817-5d6cd91c0300",
      "parentUUID": "ac0411c3-5510-4855-a1b4-0b081f7c13c4",
      "isHook": false,
      "skipped": false,
      "_moduleIndex": 5,
      "_moduleName": "user-report",
      "_suiteName": "User",
      "_testIndex": 0
    },
    {
      "title": "TC_12. Verify Admin page loads with users table",
      "fullTitle": "User TC_12. Verify Admin page loads with users table",
      "timedOut": null,
      "duration": 9089,
      "state": "passed",
      "speed": "medium",
      "pass": true,
      "fail": false,
      "pending": false,
      "context": null,
      "code": "cy.visit('/web/index.php/admin/viewSystemUsers');\ncy.wait(1000);\ncy.get('.oxd-table-body').should('be.visible');",
      "err": {},
      "uuid": "1937c600-015f-484c-a9d6-c35ff13529e7",
      "parentUUID": "ac0411c3-5510-4855-a1b4-0b081f7c13c4",
      "isHook": false,
      "skipped": false,
      "_moduleIndex": 5,
      "_moduleName": "user-report",
      "_suiteName": "User",
      "_testIndex": 1
    },
    {
      "title": "TC_13. Navigate to user creation form",
      "fullTitle": "User TC_13. Navigate to user creation form",
      "timedOut": null,
      "duration": 15850,
      "state": "passed",
      "speed": "slow",
      "pass": true,
      "fail": false,
      "pending": false,
      "context": null,
      "code": "cy.visit('/web/index.php/admin/viewSystemUsers');\ncy.wait(1000);\ncy.get('button').filter(':contains(\"Add\")').click({ force: true });\ncy.wait(1500);\ncy.url().should('include', '/admin/saveSystemUser');",
      "err": {},
      "uuid": "a93ed4be-7dca-4a4c-9d55-05710cc7828e",
      "parentUUID": "ac0411c3-5510-4855-a1b4-0b081f7c13c4",
      "isHook": false,
      "skipped": false,
      "_moduleIndex": 5,
      "_moduleName": "user-report",
      "_suiteName": "User",
      "_testIndex": 2
    },
    {
      "title": "TC_14. Create user with empty username field - shows error",
      "fullTitle": "User TC_14. Create user with empty username field - shows error",
      "timedOut": null,
      "duration": 21013,
      "state": "passed",
      "speed": "slow",
      "pass": true,
      "fail": false,
      "pending": false,
      "context": null,
      "code": "cy.visit('/web/index.php/admin/viewSystemUsers');\ncy.wait(1000);\ncy.get('button').filter(':contains(\"Add\")').click({ force: true });\ncy.wait(1500);\ncy.get('input[type=\"password\"]').eq(0).type('TestPass@123', { delay: 50 });\ncy.wait(500);\ncy.get('button[type=\"submit\"]').click();\ncy.get('.oxd-input-field-error-message', { timeout: 10000 }).should('be.visible');",
      "err": {},
      "uuid": "e52a8651-c68f-48c7-8bd8-32834c4f6235",
      "parentUUID": "ac0411c3-5510-4855-a1b4-0b081f7c13c4",
      "isHook": false,
      "skipped": false,
      "_moduleIndex": 5,
      "_moduleName": "user-report",
      "_suiteName": "User",
      "_testIndex": 3
    },
    {
      "title": "TC_15. Verify password field masks input",
      "fullTitle": "User TC_15. Verify password field masks input",
      "timedOut": null,
      "duration": 18114,
      "state": "passed",
      "speed": "slow",
      "pass": true,
      "fail": false,
      "pending": false,
      "context": null,
      "code": "cy.visit('/web/index.php/admin/viewSystemUsers');\ncy.wait(1000);\ncy.get('button').filter(':contains(\"Add\")').click({ force: true });\ncy.wait(1500);\ncy.get('input[type=\"password\"]', { timeout: 10000 }).should('have.attr', 'type', 'password');",
      "err": {},
      "uuid": "03f39ff1-7d33-4f62-9bab-c71f7d0903a5",
      "parentUUID": "ac0411c3-5510-4855-a1b4-0b081f7c13c4",
      "isHook": false,
      "skipped": false,
      "_moduleIndex": 5,
      "_moduleName": "user-report",
      "_suiteName": "User",
      "_testIndex": 4
    },
    {
      "title": "TC_16. Navigate to Leave module",
      "fullTitle": "Leave TC_16. Navigate to Leave module",
      "timedOut": null,
      "duration": 19928,
      "state": "passed",
      "speed": "slow",
      "pass": true,
      "fail": false,
      "pending": false,
      "context": null,
      "code": "cy.visit('/web/index.php/leave/viewLeaveList');\ncy.wait(1000);\ncy.url().should('include', '/leave/viewLeaveList');",
      "err": {},
      "uuid": "64a39b06-d2bb-4838-95cf-f7ba5c350547",
      "parentUUID": "86dbc01d-539d-4f40-a427-7dcba3e85841",
      "isHook": false,
      "skipped": false,
      "_moduleIndex": 3,
      "_moduleName": "leave-report",
      "_suiteName": "Leave",
      "_testIndex": 0
    },
    {
      "title": "TC_17. Verify Leave page loads with table",
      "fullTitle": "Leave TC_17. Verify Leave page loads with table",
      "timedOut": null,
      "duration": 13641,
      "state": "passed",
      "speed": "slow",
      "pass": true,
      "fail": false,
      "pending": false,
      "context": null,
      "code": "cy.visit('/web/index.php/leave/viewLeaveList');\ncy.wait(1000);\ncy.get('button, table, [role=\"grid\"]', { timeout: 10000 }).should('have.length.greaterThan', 0);",
      "err": {},
      "uuid": "00815b56-7506-4fc1-8aa3-9fa7b65fba98",
      "parentUUID": "86dbc01d-539d-4f40-a427-7dcba3e85841",
      "isHook": false,
      "skipped": false,
      "_moduleIndex": 3,
      "_moduleName": "leave-report",
      "_suiteName": "Leave",
      "_testIndex": 1
    },
    {
      "title": "TC_18. Navigate to Apply Leave form",
      "fullTitle": "Leave TC_18. Navigate to Apply Leave form",
      "timedOut": null,
      "duration": 13241,
      "state": "passed",
      "speed": "slow",
      "pass": true,
      "fail": false,
      "pending": false,
      "context": null,
      "code": "cy.visit('/web/index.php/leave/applyLeave');\ncy.wait(1000);\ncy.url().should('include', '/leave/applyLeave');",
      "err": {},
      "uuid": "2e5d8ffc-6003-4cfa-8a0e-cc4dc5d090ca",
      "parentUUID": "86dbc01d-539d-4f40-a427-7dcba3e85841",
      "isHook": false,
      "skipped": false,
      "_moduleIndex": 3,
      "_moduleName": "leave-report",
      "_suiteName": "Leave",
      "_testIndex": 2
    },
    {
      "title": "TC_19. Verify leave form has required fields",
      "fullTitle": "Leave TC_19. Verify leave form has required fields",
      "timedOut": null,
      "duration": 10304,
      "state": "passed",
      "speed": "slow",
      "pass": true,
      "fail": false,
      "pending": false,
      "context": null,
      "code": "cy.visit('/web/index.php/leave/applyLeave');\ncy.wait(1000);\ncy.get('input, select, textarea', { timeout: 10000 }).should('have.length.greaterThan', 0);",
      "err": {},
      "uuid": "780949cd-3d22-4a74-bbec-01da5e0cd030",
      "parentUUID": "86dbc01d-539d-4f40-a427-7dcba3e85841",
      "isHook": false,
      "skipped": false,
      "_moduleIndex": 3,
      "_moduleName": "leave-report",
      "_suiteName": "Leave",
      "_testIndex": 3
    },
    {
      "title": "TC_20. Navigate back from leave application",
      "fullTitle": "Leave TC_20. Navigate back from leave application",
      "timedOut": null,
      "duration": 8136,
      "state": "passed",
      "speed": "medium",
      "pass": true,
      "fail": false,
      "pending": false,
      "context": null,
      "code": "cy.visit('/web/index.php/leave/viewLeaveList');\ncy.wait(1000);\ncy.url().should('include', '/leave');",
      "err": {},
      "uuid": "16bf32e3-e5dc-4ca4-b334-62cc74817c35",
      "parentUUID": "86dbc01d-539d-4f40-a427-7dcba3e85841",
      "isHook": false,
      "skipped": false,
      "_moduleIndex": 3,
      "_moduleName": "leave-report",
      "_suiteName": "Leave",
      "_testIndex": 4
    },
    {
      "title": "TC_21. Navigate to Dashboard",
      "fullTitle": "Claim TC_21. Navigate to Dashboard",
      "timedOut": null,
      "duration": 13108,
      "state": "passed",
      "speed": "slow",
      "pass": true,
      "fail": false,
      "pending": false,
      "context": null,
      "code": "cy.visit('/web/index.php/dashboard/index');\ncy.wait(1000);\ncy.url().should('include', '/dashboard/');",
      "err": {},
      "uuid": "a7a810a1-eb38-4c56-a8b5-253b5db83f27",
      "parentUUID": "b9f22257-8542-4d4e-9176-9f99f3a9c0e7",
      "isHook": false,
      "skipped": false,
      "_moduleIndex": 0,
      "_moduleName": "claim-report",
      "_suiteName": "Claim",
      "_testIndex": 0
    },
    {
      "title": "TC_22. Verify Claim module accessible and list loads",
      "fullTitle": "Claim TC_22. Verify Claim module accessible and list loads",
      "timedOut": null,
      "duration": 13089,
      "state": "passed",
      "speed": "slow",
      "pass": true,
      "fail": false,
      "pending": false,
      "context": null,
      "code": "cy.visit('/web/index.php/claim/viewClaim');\ncy.wait(1000);\ncy.url().should('include', '/claim/');\ncy.get('.oxd-table-body').should('be.visible');",
      "err": {},
      "uuid": "7d752d2d-4c20-4bff-a890-458f6d68b36f",
      "parentUUID": "b9f22257-8542-4d4e-9176-9f99f3a9c0e7",
      "isHook": false,
      "skipped": false,
      "_moduleIndex": 0,
      "_moduleName": "claim-report",
      "_suiteName": "Claim",
      "_testIndex": 1
    },
    {
      "title": "TC_23. Navigate to Submit Claim form",
      "fullTitle": "Claim TC_23. Navigate to Submit Claim form",
      "timedOut": null,
      "duration": 10155,
      "state": "passed",
      "speed": "slow",
      "pass": true,
      "fail": false,
      "pending": false,
      "context": null,
      "code": "cy.visit('/web/index.php/claim/viewClaim');\ncy.wait(1000);\ncy.get('button').filter(':contains(\"Submit\")').click({ force: true });\ncy.wait(1500);\ncy.url().should('include', '/claim/');",
      "err": {},
      "uuid": "101285be-f17c-4cdd-ac7b-680e9f25e222",
      "parentUUID": "b9f22257-8542-4d4e-9176-9f99f3a9c0e7",
      "isHook": false,
      "skipped": false,
      "_moduleIndex": 0,
      "_moduleName": "claim-report",
      "_suiteName": "Claim",
      "_testIndex": 2
    },
    {
      "title": "TC_24. Verify claim form has required fields",
      "fullTitle": "Claim TC_24. Verify claim form has required fields",
      "timedOut": null,
      "duration": 13963,
      "state": "passed",
      "speed": "slow",
      "pass": true,
      "fail": false,
      "pending": false,
      "context": null,
      "code": "cy.visit('/web/index.php/claim/viewClaim');\ncy.wait(1000);\ncy.get('button').filter(':contains(\"Submit\")').click({ force: true });\ncy.wait(1500);\ncy.get('.oxd-select-wrapper').should('have.length.greaterThan', 0);",
      "err": {},
      "uuid": "128117ad-103d-498d-bc32-e93ae6c6a261",
      "parentUUID": "b9f22257-8542-4d4e-9176-9f99f3a9c0e7",
      "isHook": false,
      "skipped": false,
      "_moduleIndex": 0,
      "_moduleName": "claim-report",
      "_suiteName": "Claim",
      "_testIndex": 3
    },
    {
      "title": "TC_25. Verify claim form cancel button",
      "fullTitle": "Claim TC_25. Verify claim form cancel button",
      "timedOut": null,
      "duration": 10971,
      "state": "passed",
      "speed": "slow",
      "pass": true,
      "fail": false,
      "pending": false,
      "context": null,
      "code": "cy.visit('/web/index.php/claim/viewClaim');\ncy.wait(1000);\ncy.get('button').filter(':contains(\"Submit\")').click({ force: true });\ncy.wait(1500);\ncy.get('button').filter(':contains(\"Cancel\")').should('be.visible').and('be.enabled');",
      "err": {},
      "uuid": "cd35cc5a-e677-4cb1-9774-e1d073925107",
      "parentUUID": "b9f22257-8542-4d4e-9176-9f99f3a9c0e7",
      "isHook": false,
      "skipped": false,
      "_moduleIndex": 0,
      "_moduleName": "claim-report",
      "_suiteName": "Claim",
      "_testIndex": 4
    },
    {
      "title": "TC_26. Navigate to Employee List for cleanup",
      "fullTitle": "Cleanup TC_26. Navigate to Employee List for cleanup",
      "timedOut": null,
      "duration": 12378,
      "state": "passed",
      "speed": "slow",
      "pass": true,
      "fail": false,
      "pending": false,
      "context": null,
      "code": "cy.visit('/web/index.php/pim/viewEmployeeList');\ncy.wait(1000);\ncy.url().should('include', '/pim/viewEmployeeList');",
      "err": {},
      "uuid": "8cd0b895-5861-49a0-a0f6-92fe2055b4f1",
      "parentUUID": "192b452f-0ba8-4440-80b3-df6ecdba46ce",
      "isHook": false,
      "skipped": false,
      "_moduleIndex": 1,
      "_moduleName": "cleanup-report",
      "_suiteName": "Cleanup",
      "_testIndex": 0
    },
    {
      "title": "TC_27. Navigate to User List for cleanup",
      "fullTitle": "Cleanup TC_27. Navigate to User List for cleanup",
      "timedOut": null,
      "duration": 8010,
      "state": "passed",
      "speed": "medium",
      "pass": true,
      "fail": false,
      "pending": false,
      "context": null,
      "code": "cy.visit('/web/index.php/admin/viewSystemUsers');\ncy.wait(1000);\ncy.url().should('include', '/admin/viewSystemUsers');",
      "err": {},
      "uuid": "a6d88f5f-bf1b-43c1-8889-4ab325166a01",
      "parentUUID": "192b452f-0ba8-4440-80b3-df6ecdba46ce",
      "isHook": false,
      "skipped": false,
      "_moduleIndex": 1,
      "_moduleName": "cleanup-report",
      "_suiteName": "Cleanup",
      "_testIndex": 1
    },
    {
      "title": "TC_28. Navigate to Leave List for cleanup",
      "fullTitle": "Cleanup TC_28. Navigate to Leave List for cleanup",
      "timedOut": null,
      "duration": 7689,
      "state": "passed",
      "speed": "medium",
      "pass": true,
      "fail": false,
      "pending": false,
      "context": null,
      "code": "cy.visit('/web/index.php/leave/viewLeaveList');\ncy.wait(1000);\ncy.url().should('include', '/leave/viewLeaveList');",
      "err": {},
      "uuid": "b668ec5b-8ba1-4f4e-b561-51abc916703c",
      "parentUUID": "192b452f-0ba8-4440-80b3-df6ecdba46ce",
      "isHook": false,
      "skipped": false,
      "_moduleIndex": 1,
      "_moduleName": "cleanup-report",
      "_suiteName": "Cleanup",
      "_testIndex": 2
    },
    {
      "title": "TC_29. Navigate to Claim List for cleanup",
      "fullTitle": "Cleanup TC_29. Navigate to Claim List for cleanup",
      "timedOut": null,
      "duration": 7320,
      "state": "passed",
      "speed": "medium",
      "pass": true,
      "fail": false,
      "pending": false,
      "context": null,
      "code": "cy.visit('/web/index.php/claim/viewClaim');\ncy.wait(1000);\ncy.url().should('include', '/claim/viewClaim');",
      "err": {},
      "uuid": "a7fdc6b4-4911-40fe-9f87-dfd9951c5155",
      "parentUUID": "192b452f-0ba8-4440-80b3-df6ecdba46ce",
      "isHook": false,
      "skipped": false,
      "_moduleIndex": 1,
      "_moduleName": "cleanup-report",
      "_suiteName": "Cleanup",
      "_testIndex": 3
    },
    {
      "title": "TC_30. Verify Dashboard loaded after cleanup navigation",
      "fullTitle": "Cleanup TC_30. Verify Dashboard loaded after cleanup navigation",
      "timedOut": null,
      "duration": 11689,
      "state": "passed",
      "speed": "slow",
      "pass": true,
      "fail": false,
      "pending": false,
      "context": null,
      "code": "cy.visit('/web/index.php/dashboard/index');\ncy.wait(1000);\ncy.get('.oxd-topbar-header-breadcrumb h6').should('be.visible');",
      "err": {},
      "uuid": "bd4ce121-ead6-4cbd-b273-f1f5ab7abfd5",
      "parentUUID": "192b452f-0ba8-4440-80b3-df6ecdba46ce",
      "isHook": false,
      "skipped": false,
      "_moduleIndex": 1,
      "_moduleName": "cleanup-report",
      "_suiteName": "Cleanup",
      "_testIndex": 4
    }
  ],
  "@timestamp": "2026-02-17T13:14:00.394Z",
  "@generatedBy": "Cypress Automation Framework - Report Merger"
}